C:\Users\Vansh\AppData\Roaming\Xilinx\Vivado\constraint_layer\solution1\.autopilot\db\fxp_sqrt_top.pp.0.cpp:1327:7: warning: Added loop label VITIS_LOOP_1223_1:   [xilinx-label-all-loops]
      for (i = 0; i < __N - 1; ++i) {
      ^~~
      VITIS_LOOP_1223_1: 
C:\Users\Vansh\AppData\Roaming\Xilinx\Vivado\constraint_layer\solution1\.autopilot\db\fxp_sqrt_top.pp.0.cpp:1327:7: note: FIX-IT applied suggested code changes
C:\Users\Vansh\AppData\Roaming\Xilinx\Vivado\constraint_layer\solution1\.autopilot\db\fxp_sqrt_top.pp.0.cpp:2301:5: warning: Added loop label VITIS_LOOP_676_1:   [xilinx-label-all-loops]
    for (unsigned i = low; i != high; ++i) {
    ^~~
    VITIS_LOOP_676_1: 
C:\Users\Vansh\AppData\Roaming\Xilinx\Vivado\constraint_layer\solution1\.autopilot\db\fxp_sqrt_top.pp.0.cpp:2301:5: note: FIX-IT applied suggested code changes
C:\Users\Vansh\AppData\Roaming\Xilinx\Vivado\constraint_layer\solution1\.autopilot\db\fxp_sqrt_top.pp.0.cpp:2315:5: warning: Added loop label VITIS_LOOP_690_1:   [xilinx-label-all-loops]
    for (unsigned i = low; i != high; ++i) {
    ^~~
    VITIS_LOOP_690_1: 
C:\Users\Vansh\AppData\Roaming\Xilinx\Vivado\constraint_layer\solution1\.autopilot\db\fxp_sqrt_top.pp.0.cpp:2315:5: note: FIX-IT applied suggested code changes
C:\Users\Vansh\AppData\Roaming\Xilinx\Vivado\constraint_layer\solution1\.autopilot\db\fxp_sqrt_top.pp.0.cpp:2329:5: warning: Added loop label VITIS_LOOP_704_1:   [xilinx-label-all-loops]
    for (unsigned i = low; i != high; ++i) {
    ^~~
    VITIS_LOOP_704_1: 
C:\Users\Vansh\AppData\Roaming\Xilinx\Vivado\constraint_layer\solution1\.autopilot\db\fxp_sqrt_top.pp.0.cpp:2329:5: note: FIX-IT applied suggested code changes
C:\Users\Vansh\AppData\Roaming\Xilinx\Vivado\constraint_layer\solution1\.autopilot\db\fxp_sqrt_top.pp.0.cpp:3946:7: warning: Added loop label VITIS_LOOP_1247_1:   [xilinx-label-all-loops]
      for (i = 0; i < __N - 1; ++i) {
      ^~~
      VITIS_LOOP_1247_1: 
C:\Users\Vansh\AppData\Roaming\Xilinx\Vivado\constraint_layer\solution1\.autopilot\db\fxp_sqrt_top.pp.0.cpp:3946:7: note: FIX-IT applied suggested code changes
C:\Users\Vansh\AppData\Roaming\Xilinx\Vivado\constraint_layer\solution1\.autopilot\db\fxp_sqrt_top.pp.0.cpp:6771:5: warning: Added loop label VITIS_LOOP_89_1:   [xilinx-label-all-loops]
    for (int i = 0; i <= ROOT_PREC; i++) {
    ^~~
    VITIS_LOOP_89_1: 
C:\Users\Vansh\AppData\Roaming\Xilinx\Vivado\constraint_layer\solution1\.autopilot\db\fxp_sqrt_top.pp.0.cpp:6771:5: note: FIX-IT applied suggested code changes
