
*** Running vivado
    with args -log snr_mult.vds -m64 -product Vivado -mode batch -messageDb vivado.pb -notrace -source snr_mult.tcl



****** Vivado v2024.1 (64-bit)
  **** SW Build 5076996 on Wed May 22 18:37:14 MDT 2024
  **** IP Build 5075265 on Wed May 22 21:45:21 MDT 2024
  **** SharedData Build 5076995 on Wed May 22 18:29:18 MDT 2024
  **** Start of session at: Wed Jul 24 04:32:25 2024
    ** Copyright 1986-2022 Xilinx, Inc. All Rights Reserved.
    ** Copyright 2022-2024 Advanced Micro Devices, Inc. All Rights Reserved.

source snr_mult.tcl -notrace
create_project: Time (s): cpu = 00:00:05 ; elapsed = 00:00:07 . Memory (MB): peak = 514.668 ; gain = 196.824
INFO: [IP_Flow 19-234] Refreshing IP repositories
INFO: [IP_Flow 19-1700] Loaded user IP repository 'c:/Users/Vansh/vck/NN_on_FPGA/encoder_ip'.
INFO: [IP_Flow 19-1700] Loaded user IP repository 'c:/Users/Vansh/vck/NN_on_FPGA/contraint_layer_ip'.
INFO: [IP_Flow 19-1700] Loaded user IP repository 'c:/Users/Vansh/vck/NN_on_FPGA/decoder_ip'.
INFO: [IP_Flow 19-2313] Loaded Vivado IP repository 'C:/Xilinx/Vivado/2024.1/data/ip'.
INFO: [IP_Flow 19-6924] IPCACHE: Running cache check for IP inst: snr_mult
Command: synth_design -top snr_mult -part xc7a35tcpg236-1 -incremental_mode off -mode out_of_context
Starting synth_design
Attempting to get a license for feature 'Synthesis' and/or device 'xc7a35t'
INFO: [Common 17-349] Got license for feature 'Synthesis' and/or device 'xc7a35t'
INFO: [Device 21-403] Loading part xc7a35tcpg236-1
INFO: [Device 21-9227] Part: xc7a35tcpg236-1 does not have CEAM library.
INFO: [Synth 8-7079] Multithreading enabled for synth_design using a maximum of 2 processes.
INFO: [Synth 8-7078] Launching helper process for spawning children vivado processes
INFO: [Synth 8-7075] Helper process launched with PID 85668
---------------------------------------------------------------------------------
Starting RTL Elaboration : Time (s): cpu = 00:00:07 ; elapsed = 00:00:07 . Memory (MB): peak = 1376.031 ; gain = 447.574
---------------------------------------------------------------------------------
INFO: [Synth 8-638] synthesizing module 'snr_mult' [c:/Users/Vansh/vck/NN_on_FPGA/autoencoder/autoencoder.gen/sources_1/ip/snr_mult/synth/snr_mult.vhd:68]
WARNING: [Synth 8-5640] Port 'zero_detect' is missing in component declaration [c:/Users/Vansh/vck/NN_on_FPGA/autoencoder/autoencoder.gen/sources_1/ip/snr_mult/synth/snr_mult.vhd:71]
WARNING: [Synth 8-5640] Port 'pcasc' is missing in component declaration [c:/Users/Vansh/vck/NN_on_FPGA/autoencoder/autoencoder.gen/sources_1/ip/snr_mult/synth/snr_mult.vhd:71]
WARNING: [Synth 8-5640] Port 'pcasc_ext' is missing in component declaration [c:/Users/Vansh/vck/NN_on_FPGA/autoencoder/autoencoder.gen/sources_1/ip/snr_mult/synth/snr_mult.vhd:71]
	Parameter C_VERBOSITY bound to: 0 - type: integer 
	Parameter C_MODEL_TYPE bound to: 0 - type: integer 
	Parameter C_OPTIMIZE_GOAL bound to: 1 - type: integer 
	Parameter C_XDEVICEFAMILY bound to: artix7 - type: string 
	Parameter C_HAS_CE bound to: 0 - type: integer 
	Parameter C_HAS_SCLR bound to: 0 - type: integer 
	Parameter C_LATENCY bound to: 1 - type: integer 
	Parameter C_A_WIDTH bound to: 16 - type: integer 
	Parameter C_A_TYPE bound to: 1 - type: integer 
	Parameter C_B_WIDTH bound to: 16 - type: integer 
	Parameter C_B_TYPE bound to: 1 - type: integer 
	Parameter C_OUT_HIGH bound to: 31 - type: integer 
	Parameter C_OUT_LOW bound to: 0 - type: integer 
	Parameter C_MULT_TYPE bound to: 0 - type: integer 
	Parameter C_CE_OVERRIDES_SCLR bound to: 0 - type: integer 
	Parameter C_CCM_IMP bound to: 0 - type: integer 
	Parameter C_B_VALUE bound to: 10000001 - type: string 
	Parameter C_HAS_ZERO_DETECT bound to: 0 - type: integer 
	Parameter C_ROUND_OUTPUT bound to: 0 - type: integer 
	Parameter C_ROUND_PT bound to: 0 - type: integer 
INFO: [Synth 8-3491] module 'mult_gen_v12_0_21' declared at 'c:/Users/Vansh/vck/NN_on_FPGA/autoencoder/autoencoder.gen/sources_1/ip/snr_mult/hdl/mult_gen_v12_0_vh_rfs.vhd:21527' bound to instance 'U0' of component 'mult_gen_v12_0_21' [c:/Users/Vansh/vck/NN_on_FPGA/autoencoder/autoencoder.gen/sources_1/ip/snr_mult/synth/snr_mult.vhd:120]
INFO: [Synth 8-256] done synthesizing module 'snr_mult' (0#1) [c:/Users/Vansh/vck/NN_on_FPGA/autoencoder/autoencoder.gen/sources_1/ip/snr_mult/synth/snr_mult.vhd:68]
WARNING: [Synth 8-7129] Port CE in module mult_gen_v12_0_21_viv is either unconnected or has no load
WARNING: [Synth 8-7129] Port SCLR in module mult_gen_v12_0_21_viv is either unconnected or has no load
---------------------------------------------------------------------------------
Finished RTL Elaboration : Time (s): cpu = 00:00:10 ; elapsed = 00:00:12 . Memory (MB): peak = 1522.312 ; gain = 593.855
---------------------------------------------------------------------------------
---------------------------------------------------------------------------------
Start Handling Custom Attributes
---------------------------------------------------------------------------------
---------------------------------------------------------------------------------
Finished Handling Custom Attributes : Time (s): cpu = 00:00:10 ; elapsed = 00:00:12 . Memory (MB): peak = 1522.312 ; gain = 593.855
---------------------------------------------------------------------------------
---------------------------------------------------------------------------------
Finished RTL Optimization Phase 1 : Time (s): cpu = 00:00:10 ; elapsed = 00:00:12 . Memory (MB): peak = 1522.312 ; gain = 593.855
---------------------------------------------------------------------------------
Netlist sorting complete. Time (s): cpu = 00:00:00 ; elapsed = 00:00:00.015 . Memory (MB): peak = 1522.312 ; gain = 0.000
INFO: [Netlist 29-17] Analyzing 416 Unisim elements for replacement
INFO: [Netlist 29-28] Unisim Transformation completed in 0 CPU seconds
INFO: [Project 1-570] Preparing netlist for logic optimization

Processing XDC Constraints
Initializing timing engine
Parsing XDC File [c:/Users/Vansh/vck/NN_on_FPGA/autoencoder/autoencoder.gen/sources_1/ip/snr_mult/snr_mult_ooc.xdc] for cell 'U0'
Finished Parsing XDC File [c:/Users/Vansh/vck/NN_on_FPGA/autoencoder/autoencoder.gen/sources_1/ip/snr_mult/snr_mult_ooc.xdc] for cell 'U0'
Parsing XDC File [C:/Users/Vansh/vck/NN_on_FPGA/autoencoder/autoencoder.runs/snr_mult_synth_1/dont_touch.xdc]
Finished Parsing XDC File [C:/Users/Vansh/vck/NN_on_FPGA/autoencoder/autoencoder.runs/snr_mult_synth_1/dont_touch.xdc]
Completed Processing XDC Constraints

Netlist sorting complete. Time (s): cpu = 00:00:00 ; elapsed = 00:00:00.001 . Memory (MB): peak = 1527.020 ; gain = 0.000
INFO: [Project 1-111] Unisim Transformation Summary:
  A total of 136 instances were transformed.
  MULT_AND => LUT2: 136 instances

Constraint Validation Runtime : Time (s): cpu = 00:00:00 ; elapsed = 00:00:00.034 . Memory (MB): peak = 1532.383 ; gain = 5.363
INFO: [Designutils 20-5008] Incremental synthesis strategy off
---------------------------------------------------------------------------------
Finished Constraint Validation : Time (s): cpu = 00:00:19 ; elapsed = 00:00:22 . Memory (MB): peak = 1532.383 ; gain = 603.926
---------------------------------------------------------------------------------
---------------------------------------------------------------------------------
Start Loading Part and Timing Information
---------------------------------------------------------------------------------
Loading part: xc7a35tcpg236-1
---------------------------------------------------------------------------------
Finished Loading Part and Timing Information : Time (s): cpu = 00:00:19 ; elapsed = 00:00:22 . Memory (MB): peak = 1532.383 ; gain = 603.926
---------------------------------------------------------------------------------
---------------------------------------------------------------------------------
Start Applying 'set_property' XDC Constraints
---------------------------------------------------------------------------------
Applied set_property KEEP_HIERARCHY = SOFT for U0. (constraint file  C:/Users/Vansh/vck/NN_on_FPGA/autoencoder/autoencoder.runs/snr_mult_synth_1/dont_touch.xdc, line 9).
---------------------------------------------------------------------------------
Finished applying 'set_property' XDC Constraints : Time (s): cpu = 00:00:19 ; elapsed = 00:00:22 . Memory (MB): peak = 1532.383 ; gain = 603.926
---------------------------------------------------------------------------------
---------------------------------------------------------------------------------
Finished RTL Optimization Phase 2 : Time (s): cpu = 00:00:19 ; elapsed = 00:00:23 . Memory (MB): peak = 1532.383 ; gain = 603.926
---------------------------------------------------------------------------------
---------------------------------------------------------------------------------
Start RTL Component Statistics 
---------------------------------------------------------------------------------
---------------------------------------------------------------------------------
Finished RTL Component Statistics 
---------------------------------------------------------------------------------
---------------------------------------------------------------------------------
Start Part Resource Summary
---------------------------------------------------------------------------------
Part Resources:
DSPs: 90 (col length:60)
BRAMs: 100 (col length: RAMB18 60 RAMB36 30)
---------------------------------------------------------------------------------
Finished Part Resource Summary
---------------------------------------------------------------------------------
---------------------------------------------------------------------------------
Start Cross Boundary and Area Optimization
---------------------------------------------------------------------------------
WARNING: [Synth 8-7080] Parallel synthesis criteria is not met
WARNING: [Synth 8-7129] Port CE in module mult_gen_v12_0_21_viv is either unconnected or has no load
WARNING: [Synth 8-7129] Port SCLR in module mult_gen_v12_0_21_viv is either unconnected or has no load
---------------------------------------------------------------------------------
Finished Cross Boundary and Area Optimization : Time (s): cpu = 00:00:21 ; elapsed = 00:00:25 . Memory (MB): peak = 1532.383 ; gain = 603.926
---------------------------------------------------------------------------------
---------------------------------------------------------------------------------
Start Applying XDC Timing Constraints
---------------------------------------------------------------------------------
---------------------------------------------------------------------------------
Finished Applying XDC Timing Constraints : Time (s): cpu = 00:00:27 ; elapsed = 00:00:31 . Memory (MB): peak = 1532.383 ; gain = 603.926
---------------------------------------------------------------------------------
---------------------------------------------------------------------------------
Start Timing Optimization
---------------------------------------------------------------------------------
---------------------------------------------------------------------------------
Finished Timing Optimization : Time (s): cpu = 00:00:27 ; elapsed = 00:00:31 . Memory (MB): peak = 1532.383 ; gain = 603.926
---------------------------------------------------------------------------------
---------------------------------------------------------------------------------
Start Technology Mapping
---------------------------------------------------------------------------------
---------------------------------------------------------------------------------
Finished Technology Mapping : Time (s): cpu = 00:00:27 ; elapsed = 00:00:31 . Memory (MB): peak = 1532.383 ; gain = 603.926
---------------------------------------------------------------------------------
---------------------------------------------------------------------------------
Start IO Insertion
---------------------------------------------------------------------------------
---------------------------------------------------------------------------------
Start Flattening Before IO Insertion
---------------------------------------------------------------------------------
---------------------------------------------------------------------------------
Finished Flattening Before IO Insertion
---------------------------------------------------------------------------------
---------------------------------------------------------------------------------
Start Final Netlist Cleanup
---------------------------------------------------------------------------------
---------------------------------------------------------------------------------
Finished Final Netlist Cleanup
---------------------------------------------------------------------------------
---------------------------------------------------------------------------------
Finished IO Insertion : Time (s): cpu = 00:00:33 ; elapsed = 00:00:38 . Memory (MB): peak = 1532.383 ; gain = 603.926
---------------------------------------------------------------------------------
---------------------------------------------------------------------------------
Start Renaming Generated Instances
---------------------------------------------------------------------------------
---------------------------------------------------------------------------------
Finished Renaming Generated Instances : Time (s): cpu = 00:00:33 ; elapsed = 00:00:38 . Memory (MB): peak = 1532.383 ; gain = 603.926
---------------------------------------------------------------------------------
---------------------------------------------------------------------------------
Start Rebuilding User Hierarchy
---------------------------------------------------------------------------------
---------------------------------------------------------------------------------
Finished Rebuilding User Hierarchy : Time (s): cpu = 00:00:33 ; elapsed = 00:00:38 . Memory (MB): peak = 1532.383 ; gain = 603.926
---------------------------------------------------------------------------------
---------------------------------------------------------------------------------
Start Renaming Generated Ports
---------------------------------------------------------------------------------
---------------------------------------------------------------------------------
Finished Renaming Generated Ports : Time (s): cpu = 00:00:33 ; elapsed = 00:00:38 . Memory (MB): peak = 1532.383 ; gain = 603.926
---------------------------------------------------------------------------------
---------------------------------------------------------------------------------
Start Handling Custom Attributes
---------------------------------------------------------------------------------
---------------------------------------------------------------------------------
Finished Handling Custom Attributes : Time (s): cpu = 00:00:33 ; elapsed = 00:00:38 . Memory (MB): peak = 1532.383 ; gain = 603.926
---------------------------------------------------------------------------------
---------------------------------------------------------------------------------
Start Renaming Generated Nets
---------------------------------------------------------------------------------
---------------------------------------------------------------------------------
Finished Renaming Generated Nets : Time (s): cpu = 00:00:33 ; elapsed = 00:00:38 . Memory (MB): peak = 1532.383 ; gain = 603.926
---------------------------------------------------------------------------------
---------------------------------------------------------------------------------
Start Writing Synthesis Report
---------------------------------------------------------------------------------

Report BlackBoxes: 
+-+--------------+----------+
| |BlackBox name |Instances |
+-+--------------+----------+
+-+--------------+----------+

Report Cell Usage: 
+------+---------+------+
|      |Cell     |Count |
+------+---------+------+
|1     |CARRY4   |    37|
|2     |LUT2     |   129|
|3     |LUT4     |   120|
|4     |MULT_AND |   136|
|5     |MUXCY    |   136|
|6     |XORCY    |   144|
|7     |FDRE     |    32|
+------+---------+------+
---------------------------------------------------------------------------------
Finished Writing Synthesis Report : Time (s): cpu = 00:00:33 ; elapsed = 00:00:38 . Memory (MB): peak = 1532.383 ; gain = 603.926
---------------------------------------------------------------------------------
Synthesis finished with 0 errors, 0 critical warnings and 3 warnings.
Synthesis Optimization Runtime : Time (s): cpu = 00:00:22 ; elapsed = 00:00:35 . Memory (MB): peak = 1532.383 ; gain = 593.855
Synthesis Optimization Complete : Time (s): cpu = 00:00:34 ; elapsed = 00:00:38 . Memory (MB): peak = 1532.383 ; gain = 603.926
INFO: [Project 1-571] Translating synthesized netlist
Netlist sorting complete. Time (s): cpu = 00:00:00 ; elapsed = 00:00:00.011 . Memory (MB): peak = 1532.383 ; gain = 0.000
INFO: [Netlist 29-17] Analyzing 453 Unisim elements for replacement
INFO: [Netlist 29-28] Unisim Transformation completed in 0 CPU seconds
INFO: [Project 1-570] Preparing netlist for logic optimization
INFO: [Opt 31-138] Pushed 0 inverter(s) to 0 load pin(s).
Netlist sorting complete. Time (s): cpu = 00:00:00 ; elapsed = 00:00:00 . Memory (MB): peak = 1537.938 ; gain = 0.000
INFO: [Project 1-111] Unisim Transformation Summary:
  A total of 176 instances were transformed.
  (MUXCY,XORCY) => CARRY4: 40 instances
  MULT_AND => LUT2: 136 instances

Synth Design complete | Checksum: e31815df
INFO: [Common 17-83] Releasing license: Synthesis
27 Infos, 8 Warnings, 0 Critical Warnings and 0 Errors encountered.
synth_design completed successfully
synth_design: Time (s): cpu = 00:00:37 ; elapsed = 00:00:45 . Memory (MB): peak = 1537.938 ; gain = 1010.836
Write ShapeDB Complete: Time (s): cpu = 00:00:00 ; elapsed = 00:00:00.006 . Memory (MB): peak = 1537.938 ; gain = 0.000
INFO: [Common 17-1381] The checkpoint 'C:/Users/Vansh/vck/NN_on_FPGA/autoencoder/autoencoder.runs/snr_mult_synth_1/snr_mult.dcp' has been generated.
INFO: [Coretcl 2-1648] Added synthesis output to IP cache for IP snr_mult, cache-ID = 690d4903db11e62e
INFO: [Coretcl 2-1174] Renamed 3 cell refs.
Write ShapeDB Complete: Time (s): cpu = 00:00:00 ; elapsed = 00:00:00.003 . Memory (MB): peak = 1537.938 ; gain = 0.000
INFO: [Common 17-1381] The checkpoint 'C:/Users/Vansh/vck/NN_on_FPGA/autoencoder/autoencoder.runs/snr_mult_synth_1/snr_mult.dcp' has been generated.
INFO: [Vivado 12-24828] Executing command : report_utilization -file snr_mult_utilization_synth.rpt -pb snr_mult_utilization_synth.pb
INFO: [Common 17-206] Exiting Vivado at Wed Jul 24 04:33:23 2024...
