C:\Users\Vansh\AppData\Roaming\Xilinx\Vivado\decoder\solution1\.autopilot\db\decoder.pp.0.cpp:26877:7: warning: Added loop label VITIS_LOOP_1223_1:   [xilinx-label-all-loops]
      for (i = 0; i < __N - 1; ++i) {
      ^~~
      VITIS_LOOP_1223_1: 
C:\Users\Vansh\AppData\Roaming\Xilinx\Vivado\decoder\solution1\.autopilot\db\decoder.pp.0.cpp:26877:7: note: FIX-IT applied suggested code changes
C:\Users\Vansh\AppData\Roaming\Xilinx\Vivado\decoder\solution1\.autopilot\db\decoder.pp.0.cpp:27851:5: warning: Added loop label VITIS_LOOP_676_1:   [xilinx-label-all-loops]
    for (unsigned i = low; i != high; ++i) {
    ^~~
    VITIS_LOOP_676_1: 
C:\Users\Vansh\AppData\Roaming\Xilinx\Vivado\decoder\solution1\.autopilot\db\decoder.pp.0.cpp:27851:5: note: FIX-IT applied suggested code changes
C:\Users\Vansh\AppData\Roaming\Xilinx\Vivado\decoder\solution1\.autopilot\db\decoder.pp.0.cpp:27865:5: warning: Added loop label VITIS_LOOP_690_1:   [xilinx-label-all-loops]
    for (unsigned i = low; i != high; ++i) {
    ^~~
    VITIS_LOOP_690_1: 
C:\Users\Vansh\AppData\Roaming\Xilinx\Vivado\decoder\solution1\.autopilot\db\decoder.pp.0.cpp:27865:5: note: FIX-IT applied suggested code changes
C:\Users\Vansh\AppData\Roaming\Xilinx\Vivado\decoder\solution1\.autopilot\db\decoder.pp.0.cpp:27879:5: warning: Added loop label VITIS_LOOP_704_1:   [xilinx-label-all-loops]
    for (unsigned i = low; i != high; ++i) {
    ^~~
    VITIS_LOOP_704_1: 
C:\Users\Vansh\AppData\Roaming\Xilinx\Vivado\decoder\solution1\.autopilot\db\decoder.pp.0.cpp:27879:5: note: FIX-IT applied suggested code changes
C:\Users\Vansh\AppData\Roaming\Xilinx\Vivado\decoder\solution1\.autopilot\db\decoder.pp.0.cpp:29496:7: warning: Added loop label VITIS_LOOP_1247_1:   [xilinx-label-all-loops]
      for (i = 0; i < __N - 1; ++i) {
      ^~~
      VITIS_LOOP_1247_1: 
C:\Users\Vansh\AppData\Roaming\Xilinx\Vivado\decoder\solution1\.autopilot\db\decoder.pp.0.cpp:29496:7: note: FIX-IT applied suggested code changes
C:\Users\Vansh\AppData\Roaming\Xilinx\Vivado\decoder\solution1\.autopilot\db\decoder.pp.0.cpp:31513:9: warning: Added loop label VITIS_LOOP_27_1:   [xilinx-label-all-loops]
        for (unsigned i = 0; i < N; i++) {
        ^~~
        VITIS_LOOP_27_1: 
C:\Users\Vansh\AppData\Roaming\Xilinx\Vivado\decoder\solution1\.autopilot\db\decoder.pp.0.cpp:31513:9: note: FIX-IT applied suggested code changes
C:\Users\Vansh\AppData\Roaming\Xilinx\Vivado\decoder\solution1\.autopilot\db\decoder.pp.0.cpp:31526:9: warning: Added loop label VITIS_LOOP_40_1:   [xilinx-label-all-loops]
        for (size_t i = 0; i < N; i++) {
        ^~~
        VITIS_LOOP_40_1: 
C:\Users\Vansh\AppData\Roaming\Xilinx\Vivado\decoder\solution1\.autopilot\db\decoder.pp.0.cpp:31526:9: note: FIX-IT applied suggested code changes
C:\Users\Vansh\AppData\Roaming\Xilinx\Vivado\decoder\solution1\.autopilot\db\decoder.pp.0.cpp:52904:5: warning: Added loop label VITIS_LOOP_265_1:   [xilinx-label-all-loops]
    for (typename std::vector<src_T>::const_iterator i = in_begin; i != in_end; ++i) {
    ^~~
    VITIS_LOOP_265_1: 
C:\Users\Vansh\AppData\Roaming\Xilinx\Vivado\decoder\solution1\.autopilot\db\decoder.pp.0.cpp:52904:5: note: FIX-IT applied suggested code changes
C:\Users\Vansh\AppData\Roaming\Xilinx\Vivado\decoder\solution1\.autopilot\db\decoder.pp.0.cpp:52914:5: warning: Added loop label VITIS_LOOP_275_1:   [xilinx-label-all-loops]
    for (auto i = 0; i < SIZE; i++)
    ^~~
    VITIS_LOOP_275_1: 
C:\Users\Vansh\AppData\Roaming\Xilinx\Vivado\decoder\solution1\.autopilot\db\decoder.pp.0.cpp:52914:5: note: FIX-IT applied suggested code changes
C:\Users\Vansh\AppData\Roaming\Xilinx\Vivado\decoder\solution1\.autopilot\db\decoder.pp.0.cpp:52925:5: warning: Added loop label VITIS_LOOP_286_1:   [xilinx-label-all-loops]
    for (int i = 0; i < SIZE; i++) {
    ^~~
    VITIS_LOOP_286_1: 
C:\Users\Vansh\AppData\Roaming\Xilinx\Vivado\decoder\solution1\.autopilot\db\decoder.pp.0.cpp:52925:5: note: FIX-IT applied suggested code changes
C:\Users\Vansh\AppData\Roaming\Xilinx\Vivado\decoder\solution1\.autopilot\db\decoder.pp.0.cpp:52932:5: warning: Added loop label VITIS_LOOP_293_1:   [xilinx-label-all-loops]
    for (int i = 0; i < SIZE / res_T::size; i++) {
    ^~~
    VITIS_LOOP_293_1: 
C:\Users\Vansh\AppData\Roaming\Xilinx\Vivado\decoder\solution1\.autopilot\db\decoder.pp.0.cpp:52932:5: note: FIX-IT applied suggested code changes
C:\Users\Vansh\AppData\Roaming\Xilinx\Vivado\decoder\solution1\.autopilot\db\decoder.pp.0.cpp:52934:9: warning: Added loop label VITIS_LOOP_295_2:   [xilinx-label-all-loops]
        for (int j = 0; j < res_T::size; j++) {
        ^~~
        VITIS_LOOP_295_2: 
C:\Users\Vansh\AppData\Roaming\Xilinx\Vivado\decoder\solution1\.autopilot\db\decoder.pp.0.cpp:52934:9: note: FIX-IT applied suggested code changes
C:\Users\Vansh\AppData\Roaming\Xilinx\Vivado\decoder\solution1\.autopilot\db\decoder.pp.0.cpp:52946:5: warning: Added loop label VITIS_LOOP_307_1:   [xilinx-label-all-loops]
    for (int i = 0; i < SIZE / data_T::size; i++) {
    ^~~
    VITIS_LOOP_307_1: 
C:\Users\Vansh\AppData\Roaming\Xilinx\Vivado\decoder\solution1\.autopilot\db\decoder.pp.0.cpp:52946:5: note: FIX-IT applied suggested code changes
C:\Users\Vansh\AppData\Roaming\Xilinx\Vivado\decoder\solution1\.autopilot\db\decoder.pp.0.cpp:52948:9: warning: Added loop label VITIS_LOOP_309_2:   [xilinx-label-all-loops]
        for (int j = 0; j < data_T::size; j++) {
        ^~~
        VITIS_LOOP_309_2: 
C:\Users\Vansh\AppData\Roaming\Xilinx\Vivado\decoder\solution1\.autopilot\db\decoder.pp.0.cpp:52948:9: note: FIX-IT applied suggested code changes
C:\Users\Vansh\AppData\Roaming\Xilinx\Vivado\decoder\solution1\.autopilot\db\decoder.pp.0.cpp:52963:5: warning: Added loop label VITIS_LOOP_324_1:   [xilinx-label-all-loops]
    for (int ii = 0; ii < nrows; ii++) {
    ^~~
    VITIS_LOOP_324_1: 
C:\Users\Vansh\AppData\Roaming\Xilinx\Vivado\decoder\solution1\.autopilot\db\decoder.pp.0.cpp:52963:5: note: FIX-IT applied suggested code changes
C:\Users\Vansh\AppData\Roaming\Xilinx\Vivado\decoder\solution1\.autopilot\db\decoder.pp.0.cpp:52983:5: warning: Added loop label VITIS_LOOP_344_1:   [xilinx-label-all-loops]
    for (int ii = 0; ii < nrows; ii++) {
    ^~~
    VITIS_LOOP_344_1: 
C:\Users\Vansh\AppData\Roaming\Xilinx\Vivado\decoder\solution1\.autopilot\db\decoder.pp.0.cpp:52983:5: note: FIX-IT applied suggested code changes
C:\Users\Vansh\AppData\Roaming\Xilinx\Vivado\decoder\solution1\.autopilot\db\decoder.pp.0.cpp:52984:9: warning: Added loop label VITIS_LOOP_345_2:   [xilinx-label-all-loops]
        for (int jj = 0; jj < ncols; jj++) {
        ^~~
        VITIS_LOOP_345_2: 
C:\Users\Vansh\AppData\Roaming\Xilinx\Vivado\decoder\solution1\.autopilot\db\decoder.pp.0.cpp:52984:9: note: FIX-IT applied suggested code changes
C:\Users\Vansh\AppData\Roaming\Xilinx\Vivado\decoder\solution1\.autopilot\db\decoder.pp.0.cpp:52999:5: warning: Added loop label VITIS_LOOP_360_1:   [xilinx-label-all-loops]
    for (int ii = 0; ii < N_IN; ii++) {
    ^~~
    VITIS_LOOP_360_1: 
C:\Users\Vansh\AppData\Roaming\Xilinx\Vivado\decoder\solution1\.autopilot\db\decoder.pp.0.cpp:52999:5: note: FIX-IT applied suggested code changes
C:\Users\Vansh\AppData\Roaming\Xilinx\Vivado\decoder\solution1\.autopilot\db\decoder.pp.0.cpp:53006:5: warning: Added loop label VITIS_LOOP_367_1:   [xilinx-label-all-loops]
    for (int ii = 0; ii < N_IN; ii++) {
    ^~~
    VITIS_LOOP_367_1: 
C:\Users\Vansh\AppData\Roaming\Xilinx\Vivado\decoder\solution1\.autopilot\db\decoder.pp.0.cpp:53006:5: note: FIX-IT applied suggested code changes
C:\Users\Vansh\AppData\Roaming\Xilinx\Vivado\decoder\solution1\.autopilot\db\decoder.pp.0.cpp:53129:2: warning: Added loop label VITIS_LOOP_31_1:   [xilinx-label-all-loops]
 for (int ii = 0; ii < CONFIG_T::n_in; ii++) {
 ^~~
 VITIS_LOOP_31_1: 
C:\Users\Vansh\AppData\Roaming\Xilinx\Vivado\decoder\solution1\.autopilot\db\decoder.pp.0.cpp:53129:2: note: FIX-IT applied suggested code changes
C:\Users\Vansh\AppData\Roaming\Xilinx\Vivado\decoder\solution1\.autopilot\db\decoder.pp.0.cpp:53141:5: warning: Added loop label VITIS_LOOP_43_1:   [xilinx-label-all-loops]
    for (int ii = 0; ii < CONFIG_T::n_in; ii++) {
    ^~~
    VITIS_LOOP_43_1: 
C:\Users\Vansh\AppData\Roaming\Xilinx\Vivado\decoder\solution1\.autopilot\db\decoder.pp.0.cpp:53141:5: note: FIX-IT applied suggested code changes
C:\Users\Vansh\AppData\Roaming\Xilinx\Vivado\decoder\solution1\.autopilot\db\decoder.pp.0.cpp:53155:5: warning: Added loop label VITIS_LOOP_57_1:   [xilinx-label-all-loops]
    for (int ii = 0; ii < CONFIG_T::n_in; ii++) {
    ^~~
    VITIS_LOOP_57_1: 
C:\Users\Vansh\AppData\Roaming\Xilinx\Vivado\decoder\solution1\.autopilot\db\decoder.pp.0.cpp:53155:5: note: FIX-IT applied suggested code changes
C:\Users\Vansh\AppData\Roaming\Xilinx\Vivado\decoder\solution1\.autopilot\db\decoder.pp.0.cpp:53182:5: warning: Added loop label VITIS_LOOP_84_1:   [xilinx-label-all-loops]
    for (int ii = 0; ii < N_TABLE; ii++) {
    ^~~
    VITIS_LOOP_84_1: 
C:\Users\Vansh\AppData\Roaming\Xilinx\Vivado\decoder\solution1\.autopilot\db\decoder.pp.0.cpp:53182:5: note: FIX-IT applied suggested code changes
C:\Users\Vansh\AppData\Roaming\Xilinx\Vivado\decoder\solution1\.autopilot\db\decoder.pp.0.cpp:53212:5: warning: Added loop label VITIS_LOOP_114_1:   [xilinx-label-all-loops]
    for (int ii = 0; ii < CONFIG_T::n_in; ii++) {
    ^~~
    VITIS_LOOP_114_1: 
C:\Users\Vansh\AppData\Roaming\Xilinx\Vivado\decoder\solution1\.autopilot\db\decoder.pp.0.cpp:53212:5: note: FIX-IT applied suggested code changes
C:\Users\Vansh\AppData\Roaming\Xilinx\Vivado\decoder\solution1\.autopilot\db\decoder.pp.0.cpp:53249:5: warning: Added loop label VITIS_LOOP_151_1:   [xilinx-label-all-loops]
    for (unsigned i = 0; i < CONFIG_T::table_size; i++) {
    ^~~
    VITIS_LOOP_151_1: 
C:\Users\Vansh\AppData\Roaming\Xilinx\Vivado\decoder\solution1\.autopilot\db\decoder.pp.0.cpp:53249:5: note: FIX-IT applied suggested code changes
C:\Users\Vansh\AppData\Roaming\Xilinx\Vivado\decoder\solution1\.autopilot\db\decoder.pp.0.cpp:53260:5: warning: Added loop label VITIS_LOOP_162_1:   [xilinx-label-all-loops]
    for (unsigned i = 0; i < CONFIG_T::table_size; i++) {
    ^~~
    VITIS_LOOP_162_1: 
C:\Users\Vansh\AppData\Roaming\Xilinx\Vivado\decoder\solution1\.autopilot\db\decoder.pp.0.cpp:53260:5: note: FIX-IT applied suggested code changes
C:\Users\Vansh\AppData\Roaming\Xilinx\Vivado\decoder\solution1\.autopilot\db\decoder.pp.0.cpp:53293:5: warning: Added loop label VITIS_LOOP_195_1:   [xilinx-label-all-loops]
    for (unsigned i = 0; i < CONFIG_T::n_in; i++) {
    ^~~
    VITIS_LOOP_195_1: 
C:\Users\Vansh\AppData\Roaming\Xilinx\Vivado\decoder\solution1\.autopilot\db\decoder.pp.0.cpp:53293:5: note: FIX-IT applied suggested code changes
C:\Users\Vansh\AppData\Roaming\Xilinx\Vivado\decoder\solution1\.autopilot\db\decoder.pp.0.cpp:53307:5: warning: Added loop label VITIS_LOOP_209_2:   [xilinx-label-all-loops]
    for (unsigned i = 0; i < CONFIG_T::n_in; i++) {
    ^~~
    VITIS_LOOP_209_2: 
C:\Users\Vansh\AppData\Roaming\Xilinx\Vivado\decoder\solution1\.autopilot\db\decoder.pp.0.cpp:53307:5: note: FIX-IT applied suggested code changes
C:\Users\Vansh\AppData\Roaming\Xilinx\Vivado\decoder\solution1\.autopilot\db\decoder.pp.0.cpp:53341:5: warning: Added loop label VITIS_LOOP_243_1:   [xilinx-label-all-loops]
    for (unsigned i = 0; i < CONFIG_T::n_in; i++) {
    ^~~
    VITIS_LOOP_243_1: 
C:\Users\Vansh\AppData\Roaming\Xilinx\Vivado\decoder\solution1\.autopilot\db\decoder.pp.0.cpp:53341:5: note: FIX-IT applied suggested code changes
C:\Users\Vansh\AppData\Roaming\Xilinx\Vivado\decoder\solution1\.autopilot\db\decoder.pp.0.cpp:53350:5: warning: Added loop label VITIS_LOOP_252_2:   [xilinx-label-all-loops]
    for (unsigned i = 0; i < CONFIG_T::n_in; i++) {
    ^~~
    VITIS_LOOP_252_2: 
C:\Users\Vansh\AppData\Roaming\Xilinx\Vivado\decoder\solution1\.autopilot\db\decoder.pp.0.cpp:53350:5: note: FIX-IT applied suggested code changes
C:\Users\Vansh\AppData\Roaming\Xilinx\Vivado\decoder\solution1\.autopilot\db\decoder.pp.0.cpp:53364:5: warning: Added loop label VITIS_LOOP_266_3:   [xilinx-label-all-loops]
    for (unsigned i = 0; i < CONFIG_T::n_in; i++) {
    ^~~
    VITIS_LOOP_266_3: 
C:\Users\Vansh\AppData\Roaming\Xilinx\Vivado\decoder\solution1\.autopilot\db\decoder.pp.0.cpp:53364:5: note: FIX-IT applied suggested code changes
C:\Users\Vansh\AppData\Roaming\Xilinx\Vivado\decoder\solution1\.autopilot\db\decoder.pp.0.cpp:53371:5: warning: Added loop label VITIS_LOOP_273_1:   [xilinx-label-all-loops]
    for (int ii = 0; ii < N_TABLE; ii++) {
    ^~~
    VITIS_LOOP_273_1: 
C:\Users\Vansh\AppData\Roaming\Xilinx\Vivado\decoder\solution1\.autopilot\db\decoder.pp.0.cpp:53371:5: note: FIX-IT applied suggested code changes
C:\Users\Vansh\AppData\Roaming\Xilinx\Vivado\decoder\solution1\.autopilot\db\decoder.pp.0.cpp:53384:5: warning: Added loop label VITIS_LOOP_286_1:   [xilinx-label-all-loops]
    for (int ii = 0; ii < N_TABLE; ii++) {
    ^~~
    VITIS_LOOP_286_1: 
C:\Users\Vansh\AppData\Roaming\Xilinx\Vivado\decoder\solution1\.autopilot\db\decoder.pp.0.cpp:53384:5: note: FIX-IT applied suggested code changes
C:\Users\Vansh\AppData\Roaming\Xilinx\Vivado\decoder\solution1\.autopilot\db\decoder.pp.0.cpp:53421:5: warning: Added loop label VITIS_LOOP_323_1:   [xilinx-label-all-loops]
    for (int ii = 0; ii < CONFIG_T::n_in; ii++) {
    ^~~
    VITIS_LOOP_323_1: 
C:\Users\Vansh\AppData\Roaming\Xilinx\Vivado\decoder\solution1\.autopilot\db\decoder.pp.0.cpp:53421:5: note: FIX-IT applied suggested code changes
C:\Users\Vansh\AppData\Roaming\Xilinx\Vivado\decoder\solution1\.autopilot\db\decoder.pp.0.cpp:53426:5: warning: Added loop label VITIS_LOOP_328_2:   [xilinx-label-all-loops]
    for (int ii = 0; ii < CONFIG_T::n_in; ii++) {
    ^~~
    VITIS_LOOP_328_2: 
C:\Users\Vansh\AppData\Roaming\Xilinx\Vivado\decoder\solution1\.autopilot\db\decoder.pp.0.cpp:53426:5: note: FIX-IT applied suggested code changes
C:\Users\Vansh\AppData\Roaming\Xilinx\Vivado\decoder\solution1\.autopilot\db\decoder.pp.0.cpp:53427:9: warning: Added loop label VITIS_LOOP_329_3:   [xilinx-label-all-loops]
        for (int jj = 0; jj < CONFIG_T::n_in; jj++) {
        ^~~
        VITIS_LOOP_329_3: 
C:\Users\Vansh\AppData\Roaming\Xilinx\Vivado\decoder\solution1\.autopilot\db\decoder.pp.0.cpp:53427:9: note: FIX-IT applied suggested code changes
C:\Users\Vansh\AppData\Roaming\Xilinx\Vivado\decoder\solution1\.autopilot\db\decoder.pp.0.cpp:53444:5: warning: Added loop label VITIS_LOOP_346_4:   [xilinx-label-all-loops]
    for (int ii = 0; ii < CONFIG_T::n_in; ii++) {
    ^~~
    VITIS_LOOP_346_4: 
C:\Users\Vansh\AppData\Roaming\Xilinx\Vivado\decoder\solution1\.autopilot\db\decoder.pp.0.cpp:53444:5: note: FIX-IT applied suggested code changes
C:\Users\Vansh\AppData\Roaming\Xilinx\Vivado\decoder\solution1\.autopilot\db\decoder.pp.0.cpp:53457:5: warning: Added loop label VITIS_LOOP_359_1:   [xilinx-label-all-loops]
    for (int i = 0; i < CONFIG_T::n_in; i++) {
    ^~~
    VITIS_LOOP_359_1: 
C:\Users\Vansh\AppData\Roaming\Xilinx\Vivado\decoder\solution1\.autopilot\db\decoder.pp.0.cpp:53457:5: note: FIX-IT applied suggested code changes
C:\Users\Vansh\AppData\Roaming\Xilinx\Vivado\decoder\solution1\.autopilot\db\decoder.pp.0.cpp:53465:5: warning: Added loop label VITIS_LOOP_367_2:   [xilinx-label-all-loops]
    for (int i = 1; i < CONFIG_T::n_in; i++) {
    ^~~
    VITIS_LOOP_367_2: 
C:\Users\Vansh\AppData\Roaming\Xilinx\Vivado\decoder\solution1\.autopilot\db\decoder.pp.0.cpp:53465:5: note: FIX-IT applied suggested code changes
C:\Users\Vansh\AppData\Roaming\Xilinx\Vivado\decoder\solution1\.autopilot\db\decoder.pp.0.cpp:53500:5: warning: Added loop label VITIS_LOOP_402_1:   [xilinx-label-all-loops]
    for (int ii = 0; ii < N_TABLE; ii++) {
    ^~~
    VITIS_LOOP_402_1: 
C:\Users\Vansh\AppData\Roaming\Xilinx\Vivado\decoder\solution1\.autopilot\db\decoder.pp.0.cpp:53500:5: note: FIX-IT applied suggested code changes
C:\Users\Vansh\AppData\Roaming\Xilinx\Vivado\decoder\solution1\.autopilot\db\decoder.pp.0.cpp:53530:5: warning: Added loop label VITIS_LOOP_432_1:   [xilinx-label-all-loops]
    for (int ii = 0; ii < CONFIG_T::n_in; ii++) {
    ^~~
    VITIS_LOOP_432_1: 
C:\Users\Vansh\AppData\Roaming\Xilinx\Vivado\decoder\solution1\.autopilot\db\decoder.pp.0.cpp:53530:5: note: FIX-IT applied suggested code changes
C:\Users\Vansh\AppData\Roaming\Xilinx\Vivado\decoder\solution1\.autopilot\db\decoder.pp.0.cpp:53549:2: warning: Added loop label VITIS_LOOP_451_1:   [xilinx-label-all-loops]
 for (int ii = 0; ii < CONFIG_T::n_in; ii++) {
 ^~~
 VITIS_LOOP_451_1: 
C:\Users\Vansh\AppData\Roaming\Xilinx\Vivado\decoder\solution1\.autopilot\db\decoder.pp.0.cpp:53549:2: note: FIX-IT applied suggested code changes
C:\Users\Vansh\AppData\Roaming\Xilinx\Vivado\decoder\solution1\.autopilot\db\decoder.pp.0.cpp:53565:5: warning: Added loop label VITIS_LOOP_467_1:   [xilinx-label-all-loops]
    for (int ii = 0; ii < CONFIG_T::n_in; ii++) {
    ^~~
    VITIS_LOOP_467_1: 
C:\Users\Vansh\AppData\Roaming\Xilinx\Vivado\decoder\solution1\.autopilot\db\decoder.pp.0.cpp:53565:5: note: FIX-IT applied suggested code changes
C:\Users\Vansh\AppData\Roaming\Xilinx\Vivado\decoder\solution1\.autopilot\db\decoder.pp.0.cpp:53583:5: warning: Added loop label VITIS_LOOP_485_1:   [xilinx-label-all-loops]
    for (int ii = 0; ii < CONFIG_T::n_in; ii++) {
    ^~~
    VITIS_LOOP_485_1: 
C:\Users\Vansh\AppData\Roaming\Xilinx\Vivado\decoder\solution1\.autopilot\db\decoder.pp.0.cpp:53583:5: note: FIX-IT applied suggested code changes
C:\Users\Vansh\AppData\Roaming\Xilinx\Vivado\decoder\solution1\.autopilot\db\decoder.pp.0.cpp:53600:5: warning: Added loop label VITIS_LOOP_502_1:   [xilinx-label-all-loops]
    for (int ii = 0; ii < CONFIG_T::n_in; ii++) {
    ^~~
    VITIS_LOOP_502_1: 
C:\Users\Vansh\AppData\Roaming\Xilinx\Vivado\decoder\solution1\.autopilot\db\decoder.pp.0.cpp:53600:5: note: FIX-IT applied suggested code changes
C:\Users\Vansh\AppData\Roaming\Xilinx\Vivado\decoder\solution1\.autopilot\db\decoder.pp.0.cpp:53617:5: warning: Added loop label VITIS_LOOP_519_1:   [xilinx-label-all-loops]
    for (int ii = 0; ii < N_TABLE; ii++) {
    ^~~
    VITIS_LOOP_519_1: 
C:\Users\Vansh\AppData\Roaming\Xilinx\Vivado\decoder\solution1\.autopilot\db\decoder.pp.0.cpp:53617:5: note: FIX-IT applied suggested code changes
C:\Users\Vansh\AppData\Roaming\Xilinx\Vivado\decoder\solution1\.autopilot\db\decoder.pp.0.cpp:53647:5: warning: Added loop label VITIS_LOOP_549_1:   [xilinx-label-all-loops]
    for (int ii = 0; ii < CONFIG_T::n_in; ii++) {
    ^~~
    VITIS_LOOP_549_1: 
C:\Users\Vansh\AppData\Roaming\Xilinx\Vivado\decoder\solution1\.autopilot\db\decoder.pp.0.cpp:53647:5: note: FIX-IT applied suggested code changes
C:\Users\Vansh\AppData\Roaming\Xilinx\Vivado\decoder\solution1\.autopilot\db\decoder.pp.0.cpp:53666:5: warning: Added loop label VITIS_LOOP_568_1:   [xilinx-label-all-loops]
    for (int ii = 0; ii < N_TABLE; ii++) {
    ^~~
    VITIS_LOOP_568_1: 
C:\Users\Vansh\AppData\Roaming\Xilinx\Vivado\decoder\solution1\.autopilot\db\decoder.pp.0.cpp:53666:5: note: FIX-IT applied suggested code changes
C:\Users\Vansh\AppData\Roaming\Xilinx\Vivado\decoder\solution1\.autopilot\db\decoder.pp.0.cpp:53696:5: warning: Added loop label VITIS_LOOP_598_1:   [xilinx-label-all-loops]
    for (int ii = 0; ii < CONFIG_T::n_in; ii++) {
    ^~~
    VITIS_LOOP_598_1: 
C:\Users\Vansh\AppData\Roaming\Xilinx\Vivado\decoder\solution1\.autopilot\db\decoder.pp.0.cpp:53696:5: note: FIX-IT applied suggested code changes
C:\Users\Vansh\AppData\Roaming\Xilinx\Vivado\decoder\solution1\.autopilot\db\decoder.pp.0.cpp:53715:5: warning: Added loop label VITIS_LOOP_617_1:   [xilinx-label-all-loops]
    for (int ii = 0; ii < N_TABLE; ii++) {
    ^~~
    VITIS_LOOP_617_1: 
C:\Users\Vansh\AppData\Roaming\Xilinx\Vivado\decoder\solution1\.autopilot\db\decoder.pp.0.cpp:53715:5: note: FIX-IT applied suggested code changes
C:\Users\Vansh\AppData\Roaming\Xilinx\Vivado\decoder\solution1\.autopilot\db\decoder.pp.0.cpp:53745:5: warning: Added loop label VITIS_LOOP_647_1:   [xilinx-label-all-loops]
    for (int ii = 0; ii < CONFIG_T::n_in; ii++) {
    ^~~
    VITIS_LOOP_647_1: 
C:\Users\Vansh\AppData\Roaming\Xilinx\Vivado\decoder\solution1\.autopilot\db\decoder.pp.0.cpp:53745:5: note: FIX-IT applied suggested code changes
C:\Users\Vansh\AppData\Roaming\Xilinx\Vivado\decoder\solution1\.autopilot\db\decoder.pp.0.cpp:53772:5: warning: Added loop label VITIS_LOOP_674_1:   [xilinx-label-all-loops]
    for (int ii = 0; ii < N_TABLE; ii++) {
    ^~~
    VITIS_LOOP_674_1: 
C:\Users\Vansh\AppData\Roaming\Xilinx\Vivado\decoder\solution1\.autopilot\db\decoder.pp.0.cpp:53772:5: note: FIX-IT applied suggested code changes
C:\Users\Vansh\AppData\Roaming\Xilinx\Vivado\decoder\solution1\.autopilot\db\decoder.pp.0.cpp:53801:5: warning: Added loop label VITIS_LOOP_703_1:   [xilinx-label-all-loops]
    for (int ii = 0; ii < CONFIG_T::n_in; ii++) {
    ^~~
    VITIS_LOOP_703_1: 
C:\Users\Vansh\AppData\Roaming\Xilinx\Vivado\decoder\solution1\.autopilot\db\decoder.pp.0.cpp:53801:5: note: FIX-IT applied suggested code changes
C:\Users\Vansh\AppData\Roaming\Xilinx\Vivado\decoder\solution1\.autopilot\db\decoder.pp.0.cpp:53822:5: warning: Added loop label VITIS_LOOP_724_1:   [xilinx-label-all-loops]
    for (int ii = 0; ii < CONFIG_T::n_in; ii++) {
    ^~~
    VITIS_LOOP_724_1: 
C:\Users\Vansh\AppData\Roaming\Xilinx\Vivado\decoder\solution1\.autopilot\db\decoder.pp.0.cpp:53822:5: note: FIX-IT applied suggested code changes
C:\Users\Vansh\AppData\Roaming\Xilinx\Vivado\decoder\solution1\.autopilot\db\decoder.pp.0.cpp:53840:5: warning: Added loop label VITIS_LOOP_742_1:   [xilinx-label-all-loops]
    for (int ii = 0; ii < CONFIG_T::n_in; ii++) {
    ^~~
    VITIS_LOOP_742_1: 
C:\Users\Vansh\AppData\Roaming\Xilinx\Vivado\decoder\solution1\.autopilot\db\decoder.pp.0.cpp:53840:5: note: FIX-IT applied suggested code changes
C:\Users\Vansh\AppData\Roaming\Xilinx\Vivado\decoder\solution1\.autopilot\db\decoder.pp.0.cpp:53860:5: warning: Added loop label VITIS_LOOP_762_1:   [xilinx-label-all-loops]
    for (int ii = 0; ii < CONFIG_T::n_in; ii++) {
    ^~~
    VITIS_LOOP_762_1: 
C:\Users\Vansh\AppData\Roaming\Xilinx\Vivado\decoder\solution1\.autopilot\db\decoder.pp.0.cpp:53860:5: note: FIX-IT applied suggested code changes
C:\Users\Vansh\AppData\Roaming\Xilinx\Vivado\decoder\solution1\.autopilot\db\decoder.pp.0.cpp:53956:9: warning: Added loop label VITIS_LOOP_73_1:   [xilinx-label-all-loops]
        for (int i = 0; i < N / data_T::size; i++) {
        ^~~
        VITIS_LOOP_73_1: 
C:\Users\Vansh\AppData\Roaming\Xilinx\Vivado\decoder\solution1\.autopilot\db\decoder.pp.0.cpp:53956:9: note: FIX-IT applied suggested code changes
C:\Users\Vansh\AppData\Roaming\Xilinx\Vivado\decoder\solution1\.autopilot\db\decoder.pp.0.cpp:53963:13: warning: Added loop label VITIS_LOOP_80_2:   [xilinx-label-all-loops]
            for (int j = 0; j < data_T::size; j++) {
            ^~~
            VITIS_LOOP_80_2: 
C:\Users\Vansh\AppData\Roaming\Xilinx\Vivado\decoder\solution1\.autopilot\db\decoder.pp.0.cpp:53963:13: note: FIX-IT applied suggested code changes
C:\Users\Vansh\AppData\Roaming\Xilinx\Vivado\decoder\solution1\.autopilot\db\decoder.pp.0.cpp:53972:9: warning: Added loop label VITIS_LOOP_89_3:   [xilinx-label-all-loops]
        for (int i = 0; i < N / data_T::size; i++) {
        ^~~
        VITIS_LOOP_89_3: 
C:\Users\Vansh\AppData\Roaming\Xilinx\Vivado\decoder\solution1\.autopilot\db\decoder.pp.0.cpp:53972:9: note: FIX-IT applied suggested code changes
C:\Users\Vansh\AppData\Roaming\Xilinx\Vivado\decoder\solution1\.autopilot\db\decoder.pp.0.cpp:53981:13: warning: Added loop label VITIS_LOOP_98_4:   [xilinx-label-all-loops]
            for (int j = 0; j < pack_diff; j++) {
            ^~~
            VITIS_LOOP_98_4: 
C:\Users\Vansh\AppData\Roaming\Xilinx\Vivado\decoder\solution1\.autopilot\db\decoder.pp.0.cpp:53981:13: note: FIX-IT applied suggested code changes
C:\Users\Vansh\AppData\Roaming\Xilinx\Vivado\decoder\solution1\.autopilot\db\decoder.pp.0.cpp:53985:17: warning: Added loop label VITIS_LOOP_102_5:   [xilinx-label-all-loops]
                for (int k = 0; k < res_T::size; k++) {
                ^~~
                VITIS_LOOP_102_5: 
C:\Users\Vansh\AppData\Roaming\Xilinx\Vivado\decoder\solution1\.autopilot\db\decoder.pp.0.cpp:53985:17: note: FIX-IT applied suggested code changes
C:\Users\Vansh\AppData\Roaming\Xilinx\Vivado\decoder\solution1\.autopilot\db\decoder.pp.0.cpp:53996:9: warning: Added loop label VITIS_LOOP_113_6:   [xilinx-label-all-loops]
        for (int i = 0; i < N / data_T::size; i++) {
        ^~~
        VITIS_LOOP_113_6: 
C:\Users\Vansh\AppData\Roaming\Xilinx\Vivado\decoder\solution1\.autopilot\db\decoder.pp.0.cpp:53996:9: note: FIX-IT applied suggested code changes
C:\Users\Vansh\AppData\Roaming\Xilinx\Vivado\decoder\solution1\.autopilot\db\decoder.pp.0.cpp:54000:13: warning: Added loop label VITIS_LOOP_117_7:   [xilinx-label-all-loops]
            for (int j = 0; j < data_T::size; j++) {
            ^~~
            VITIS_LOOP_117_7: 
C:\Users\Vansh\AppData\Roaming\Xilinx\Vivado\decoder\solution1\.autopilot\db\decoder.pp.0.cpp:54000:13: note: FIX-IT applied suggested code changes
C:\Users\Vansh\AppData\Roaming\Xilinx\Vivado\decoder\solution1\.autopilot\db\decoder.pp.0.cpp:54024:9: warning: Added loop label VITIS_LOOP_141_1:   [xilinx-label-all-loops]
        for (int j = 0; j < n_dupl; j++) {
        ^~~
        VITIS_LOOP_141_1: 
C:\Users\Vansh\AppData\Roaming\Xilinx\Vivado\decoder\solution1\.autopilot\db\decoder.pp.0.cpp:54024:9: note: FIX-IT applied suggested code changes
C:\Users\Vansh\AppData\Roaming\Xilinx\Vivado\decoder\solution1\.autopilot\db\decoder.pp.0.cpp:54028:13: warning: Added loop label VITIS_LOOP_145_2:   [xilinx-label-all-loops]
            for (int k = 0; k < res_T::size; k++) {
            ^~~
            VITIS_LOOP_145_2: 
C:\Users\Vansh\AppData\Roaming\Xilinx\Vivado\decoder\solution1\.autopilot\db\decoder.pp.0.cpp:54028:13: note: FIX-IT applied suggested code changes
C:\Users\Vansh\AppData\Roaming\Xilinx\Vivado\decoder\solution1\.autopilot\db\decoder.pp.0.cpp:54047:9: warning: Added loop label VITIS_LOOP_164_1:   [xilinx-label-all-loops]
        for (int k = 0; k < res_T::size; k++) {
        ^~~
        VITIS_LOOP_164_1: 
C:\Users\Vansh\AppData\Roaming\Xilinx\Vivado\decoder\solution1\.autopilot\db\decoder.pp.0.cpp:54047:9: note: FIX-IT applied suggested code changes
C:\Users\Vansh\AppData\Roaming\Xilinx\Vivado\decoder\solution1\.autopilot\db\decoder.pp.0.cpp:54070:2: warning: Added loop label VITIS_LOOP_187_1:   [xilinx-label-all-loops]
 for (int i = 0; i < CONFIG_T::height * CONFIG_T::width / data_T::size; i++) {
 ^~~
 VITIS_LOOP_187_1: 
C:\Users\Vansh\AppData\Roaming\Xilinx\Vivado\decoder\solution1\.autopilot\db\decoder.pp.0.cpp:54070:2: note: FIX-IT applied suggested code changes
C:\Users\Vansh\AppData\Roaming\Xilinx\Vivado\decoder\solution1\.autopilot\db\decoder.pp.0.cpp:54073:9: warning: Added loop label VITIS_LOOP_190_2:   [xilinx-label-all-loops]
        for (int j = 0; j < data_T::size; j++) {
        ^~~
        VITIS_LOOP_190_2: 
C:\Users\Vansh\AppData\Roaming\Xilinx\Vivado\decoder\solution1\.autopilot\db\decoder.pp.0.cpp:54073:9: note: FIX-IT applied suggested code changes
C:\Users\Vansh\AppData\Roaming\Xilinx\Vivado\decoder\solution1\.autopilot\db\decoder.pp.0.cpp:54078:5: warning: Added loop label VITIS_LOOP_195_3:   [xilinx-label-all-loops]
    for (int i = 0; i < CONFIG_T::height * CONFIG_T::width / res_T::size; i++) {
    ^~~
    VITIS_LOOP_195_3: 
C:\Users\Vansh\AppData\Roaming\Xilinx\Vivado\decoder\solution1\.autopilot\db\decoder.pp.0.cpp:54078:5: note: FIX-IT applied suggested code changes
C:\Users\Vansh\AppData\Roaming\Xilinx\Vivado\decoder\solution1\.autopilot\db\decoder.pp.0.cpp:54082:9: warning: Added loop label VITIS_LOOP_199_4:   [xilinx-label-all-loops]
        for (int j = 0; j < res_T::size; j++) {
        ^~~
        VITIS_LOOP_199_4: 
C:\Users\Vansh\AppData\Roaming\Xilinx\Vivado\decoder\solution1\.autopilot\db\decoder.pp.0.cpp:54082:9: note: FIX-IT applied suggested code changes
C:\Users\Vansh\AppData\Roaming\Xilinx\Vivado\decoder\solution1\.autopilot\db\decoder.pp.0.cpp:54296:9: warning: Added loop label VITIS_LOOP_213_1:   [xilinx-label-all-loops]
        for (unsigned j = 0; j < data_T::size; j++) {
        ^~~
        VITIS_LOOP_213_1: 
C:\Users\Vansh\AppData\Roaming\Xilinx\Vivado\decoder\solution1\.autopilot\db\decoder.pp.0.cpp:54296:9: note: FIX-IT applied suggested code changes
C:\Users\Vansh\AppData\Roaming\Xilinx\Vivado\decoder\solution1\.autopilot\db\decoder.pp.0.cpp:54305:9: warning: Added loop label VITIS_LOOP_222_2:   [xilinx-label-all-loops]
        for (unsigned j = 0; j < data_T::size; j++) {
        ^~~
        VITIS_LOOP_222_2: 
C:\Users\Vansh\AppData\Roaming\Xilinx\Vivado\decoder\solution1\.autopilot\db\decoder.pp.0.cpp:54305:9: note: FIX-IT applied suggested code changes
C:\Users\Vansh\AppData\Roaming\Xilinx\Vivado\decoder\solution1\.autopilot\db\decoder.pp.0.cpp:54411:5: warning: Added loop label VITIS_LOOP_328_1:   [xilinx-label-all-loops]
    for (int i = 0; i < CONFIG_T::n_in / res_T::size; i++) {
    ^~~
    VITIS_LOOP_328_1: 
C:\Users\Vansh\AppData\Roaming\Xilinx\Vivado\decoder\solution1\.autopilot\db\decoder.pp.0.cpp:54411:5: note: FIX-IT applied suggested code changes
C:\Users\Vansh\AppData\Roaming\Xilinx\Vivado\decoder\solution1\.autopilot\db\decoder.pp.0.cpp:54416:9: warning: Added loop label VITIS_LOOP_333_2:   [xilinx-label-all-loops]
        for (int i = 0; i < res_T::size; i++) {
        ^~~
        VITIS_LOOP_333_2: 
C:\Users\Vansh\AppData\Roaming\Xilinx\Vivado\decoder\solution1\.autopilot\db\decoder.pp.0.cpp:54416:9: note: FIX-IT applied suggested code changes
C:\Users\Vansh\AppData\Roaming\Xilinx\Vivado\decoder\solution1\.autopilot\db\decoder.pp.0.cpp:54424:9: warning: Added loop label VITIS_LOOP_341_3:   [xilinx-label-all-loops]
        for (int i = 1; i < res_T::size; i++) {
        ^~~
        VITIS_LOOP_341_3: 
C:\Users\Vansh\AppData\Roaming\Xilinx\Vivado\decoder\solution1\.autopilot\db\decoder.pp.0.cpp:54424:9: note: FIX-IT applied suggested code changes
C:\Users\Vansh\AppData\Roaming\Xilinx\Vivado\decoder\solution1\.autopilot\db\decoder.pp.0.cpp:55364:5: warning: Added loop label VITIS_LOOP_14_1:   [xilinx-label-all-loops]
    for (unsigned k = 0; k < CONFIG_T::n_out; k++) {
    ^~~
    VITIS_LOOP_14_1: 
C:\Users\Vansh\AppData\Roaming\Xilinx\Vivado\decoder\solution1\.autopilot\db\decoder.pp.0.cpp:55364:5: note: FIX-IT applied suggested code changes
C:\Users\Vansh\AppData\Roaming\Xilinx\Vivado\decoder\solution1\.autopilot\db\decoder.pp.0.cpp:55424:9: warning: Added loop label VITIS_LOOP_74_1:   [xilinx-label-all-loops]
        for (int im = 0; im < CONFIG_T::n_out; im++) {
        ^~~
        VITIS_LOOP_74_1: 
C:\Users\Vansh\AppData\Roaming\Xilinx\Vivado\decoder\solution1\.autopilot\db\decoder.pp.0.cpp:55424:9: note: FIX-IT applied suggested code changes
