INFO: [SIM 2] *************** CSIM start ***************
INFO: [SIM 4] CSIM will launch CLANG as the compiler.
   Compiling ../../../../../../../../vck/NN_on_FPGA/decoder/decoder_hls/decoder_test.cpp in debug mode
   Compiling ../../../../../../../../vck/NN_on_FPGA/decoder/decoder_hls/firmware/decoder.cpp in debug mode
   Generating csim.exe
Processing input 0
Predictions
7.85862e-05 1.89415e-05 0.000390892 0.0260424 6.42926e-07 3.9842e-05 0.0041063 0.0402599 1.30071e-05 0.00180772 0.210213 0.52373 0.191013 1.30291e-05 0.00224607 2.66672e-05 
Quantized predictions
0 0 0 0.0283203 0 0 0.00390625 0.0410156 0 0.000976563 0.223633 0.571289 0.197266 0 0.00195313 0 
Processing input 5000
Predictions
8.78529e-06 3.59378e-05 0.00161469 0.238378 1.79012e-06 4.26053e-05 0.0196508 0.00126143 3.50904e-06 9.28811e-05 0.53467 0.187875 0.0161674 2.22237e-05 0.000119814 5.46586e-05 
Quantized predictions
0 0 0.000976563 0.25293 0 0 0.0205078 0.000976563 0 0 0.571289 0.197266 0.015625 0 0 0 
Processing input 10000
Predictions
0.0746017 0.000335431 6.92376e-06 1.5253e-05 1.02658e-05 0.000281254 1.3449e-05 0.0611463 0.0060348 0.438896 4.8966e-05 0.00380614 0.0145778 3.75858e-05 0.400152 3.56095e-05 
Quantized predictions
0.0810547 0 0 0 0 0 0 0.0673828 0.00683594 0.5 0 0.00390625 0.015625 0 0.441406 0 
Processing input 15000
Predictions
0.00267294 0.0451479 0.00242434 0.000289532 0.25786 0.486226 0.00114727 7.30491e-06 0.00591732 0.000948126 2.09388e-05 5.57704e-05 2.44176e-05 0.152521 0.000245963 0.0444912 
Quantized predictions
0.00195313 0.0429688 0.00195313 0 0.250977 0.5 0.000976563 0 0.00585938 0.000976563 0 0 0 0.152344 0 0.0429688 
Processing input 20000
Predictions
7.85862e-05 1.89415e-05 0.000390892 0.0260424 6.42926e-07 3.9842e-05 0.0041063 0.0402599 1.30071e-05 0.00180772 0.210213 0.52373 0.191013 1.30291e-05 0.00224607 2.66672e-05 
Quantized predictions
0 0 0 0.0283203 0 0 0.00390625 0.0410156 0 0.000976563 0.223633 0.571289 0.197266 0 0.00195313 0 
Processing input 25000
Predictions
0.00267294 0.0451479 0.00242434 0.000289532 0.25786 0.486226 0.00114727 7.30491e-06 0.00591732 0.000948126 2.09388e-05 5.57704e-05 2.44176e-05 0.152521 0.000245963 0.0444912 
Quantized predictions
0.00195313 0.0429688 0.00195313 0 0.250977 0.5 0.000976563 0 0.00585938 0.000976563 0 0 0 0.152344 0 0.0429688 
Processing input 30000
Predictions
1.85524e-05 8.32184e-05 0.352575 0.10505 5.64651e-05 0.0010623 0.495347 7.04681e-05 1.38605e-05 3.84827e-05 0.0118114 0.00337172 0.0012316 0.00444096 4.74228e-05 0.0247819 
Quantized predictions
0 0 0.392578 0.119141 0 0.000976563 0.571289 0 0 0 0.0126953 0.00292969 0.000976563 0.00488281 0 0.0283203 
Processing input 35000
Predictions
0.0746017 0.000335431 6.92376e-06 1.5253e-05 1.02658e-05 0.000281254 1.3449e-05 0.0611463 0.0060348 0.438896 4.8966e-05 0.00380614 0.0145778 3.75858e-05 0.400152 3.56095e-05 
Quantized predictions
0.0810547 0 0 0 0 0 0 0.0673828 0.00683594 0.5 0 0.00390625 0.015625 0 0.441406 0 
Processing input 40000
Predictions
0.000429189 6.71067e-06 5.05396e-05 0.000573182 2.50838e-07 2.60003e-05 0.000279695 0.30498 2.95759e-05 0.0151131 0.0118626 0.201747 0.44638 6.42045e-06 0.0185057 1.04979e-05 
Quantized predictions
0 0 0 0 0 0 0 0.322266 0 0.015625 0.0126953 0.22168 0.5 0 0.0205078 0 
Processing input 45000
Predictions
0.0746017 0.000335431 6.92376e-06 1.5253e-05 1.02658e-05 0.000281254 1.3449e-05 0.0611463 0.0060348 0.438896 4.8966e-05 0.00380614 0.0145778 3.75858e-05 0.400152 3.56095e-05 
Quantized predictions
0.0810547 0 0 0 0 0 0 0.0673828 0.00683594 0.5 0 0.00390625 0.015625 0 0.441406 0 
Processing input 50000
Predictions
0.0746017 0.000335431 6.92376e-06 1.5253e-05 1.02658e-05 0.000281254 1.3449e-05 0.0611463 0.0060348 0.438896 4.8966e-05 0.00380614 0.0145778 3.75858e-05 0.400152 3.56095e-05 
Quantized predictions
0.0810547 0 0 0 0 0 0 0.0673828 0.00683594 0.5 0 0.00390625 0.015625 0 0.441406 0 
Processing input 55000
Predictions
0.00510198 0.163295 0.000170968 0.000114346 0.535792 0.255369 0.000167912 1.91619e-06 0.0208908 0.000670818 9.68069e-06 3.38204e-05 5.31905e-06 0.0157397 0.000142412 0.00249562 
Quantized predictions
0.00488281 0.163086 0 0 0.571289 0.269531 0 0 0.0214844 0 0 0 0 0.015625 0 0.00195313 
Processing input 60000
Predictions
1.85524e-05 8.32184e-05 0.352575 0.10505 5.64651e-05 0.0010623 0.495347 7.04681e-05 1.38605e-05 3.84827e-05 0.0118114 0.00337172 0.0012316 0.00444096 4.74228e-05 0.0247819 
Quantized predictions
0 0 0.392578 0.119141 0 0.000976563 0.571289 0 0 0 0.0126953 0.00292969 0.000976563 0.00488281 0 0.0283203 
Processing input 65000
Predictions
0.000200537 0.000601272 0.0947001 0.00151188 0.0041235 0.0545213 0.023134 4.18255e-05 0.000139547 0.00022345 0.000143993 0.000147547 0.000249526 0.35709 0.000132486 0.463039 
Quantized predictions
0 0 0.0986328 0.000976563 0.00390625 0.0556641 0.0234375 0 0 0 0 0 0 0.365234 0 0.5 
Processing input 70000
Predictions
0.000429189 6.71067e-06 5.05396e-05 0.000573182 2.50838e-07 2.60003e-05 0.000279695 0.30498 2.95759e-05 0.0151131 0.0118626 0.201747 0.44638 6.42045e-06 0.0185057 1.04979e-05 
Quantized predictions
0 0 0 0 0 0 0 0.322266 0 0.015625 0.0126953 0.22168 0.5 0 0.0205078 0 
Processing input 75000
Predictions
7.68079e-06 6.82542e-05 0.039901 0.531135 1.2697e-05 0.000215312 0.216614 0.000193695 5.64473e-06 3.19948e-05 0.174114 0.0324485 0.00374669 0.000301636 4.45646e-05 0.00115933 
Quantized predictions
0 0 0.0410156 0.571289 0 0 0.223633 0 0 0 0.18457 0.0332031 0.00292969 0 0 0.000976563 
Processing input 80000
Predictions
1.85524e-05 8.32184e-05 0.352575 0.10505 5.64651e-05 0.0010623 0.495347 7.04681e-05 1.38605e-05 3.84827e-05 0.0118114 0.00337172 0.0012316 0.00444096 4.74228e-05 0.0247819 
Quantized predictions
0 0 0.392578 0.119141 0 0.000976563 0.571289 0 0 0 0.0126953 0.00292969 0.000976563 0.00488281 0 0.0283203 
Processing input 85000
Predictions
0.00206897 8.23592e-06 1.9856e-05 7.06414e-05 2.76261e-07 3.13018e-05 5.77948e-05 0.502353 9.78401e-05 0.0626578 0.00134215 0.0532498 0.296479 9.33318e-06 0.0815401 1.39326e-05 
Quantized predictions
0.00195313 0 0 0 0 0 0 0.571289 0 0.0673828 0.000976563 0.0595703 0.325195 0 0.0869141 0 
Processing input 90000
Predictions
0.00267294 0.0451479 0.00242434 0.000289532 0.25786 0.486226 0.00114727 7.30491e-06 0.00591732 0.000948126 2.09388e-05 5.57704e-05 2.44176e-05 0.152521 0.000245963 0.0444912 
Quantized predictions
0.00195313 0.0429688 0.00195313 0 0.250977 0.5 0.000976563 0 0.00585938 0.000976563 0 0 0 0.152344 0 0.0429688 
Processing input 95000
Predictions
0.0746017 0.000335431 6.92376e-06 1.5253e-05 1.02658e-05 0.000281254 1.3449e-05 0.0611463 0.0060348 0.438896 4.8966e-05 0.00380614 0.0145778 3.75858e-05 0.400152 3.56095e-05 
Quantized predictions
0.0810547 0 0 0 0 0 0 0.0673828 0.00683594 0.5 0 0.00390625 0.015625 0 0.441406 0 
INFO: Saved inference results to file: tb_data/csim_results.log
INFO: [SIM 1] CSim done with 0 errors.
INFO: [SIM 3] *************** CSIM finish ***************
