

================================================================
== Vitis HLS Report for 'dense_latency_ap_fixed_16_6_5_3_0_ap_fixed_16_6_5_3_0_config4_s'
================================================================
* Date:           Sun Jul 21 18:31:36 2024

* Version:        2024.1 (Build 5069499 on May 21 2024)
* Project:        encoder_hls
* Solution:       solution1 (Vivado IP Flow Target)
* Product family: artix7
* Target device:  xc7a35t-cpg236-1


================================================================
== Performance Estimates
================================================================
+ Timing: 
    * Summary: 
    +--------+----------+----------+------------+
    |  Clock |  Target  | Estimated| Uncertainty|
    +--------+----------+----------+------------+
    |ap_clk  |  10.00 ns|  6.496 ns|     2.70 ns|
    +--------+----------+----------+------------+

+ Latency: 
    * Summary: 
    +---------+---------+-----------+-----------+-----+-----+---------+
    |  Latency (cycles) |   Latency (absolute)  |  Interval | Pipeline|
    |   min   |   max   |    min    |    max    | min | max |   Type  |
    +---------+---------+-----------+-----------+-----+-----+---------+
    |        9|        9|  90.000 ns|  90.000 ns|    8|    8|      yes|
    +---------+---------+-----------+-----------+-----+-----+---------+

    + Detail: 
        * Instance: 
        N/A

        * Loop: 
        N/A



================================================================
== Utilization Estimates
================================================================
* Summary: 
+-----------------+---------+----+-------+-------+-----+
|       Name      | BRAM_18K| DSP|   FF  |  LUT  | URAM|
+-----------------+---------+----+-------+-------+-----+
|DSP              |        -|   -|      -|      -|    -|
|Expression       |        -|   -|      0|    580|    -|
|FIFO             |        -|   -|      -|      -|    -|
|Instance         |        -|   4|      0|     24|    -|
|Memory           |        -|   -|      -|      -|    -|
|Multiplexer      |        -|   -|      0|    343|    -|
|Register         |        -|   -|    773|      -|    -|
+-----------------+---------+----+-------+-------+-----+
|Total            |        0|   4|    773|    947|    0|
+-----------------+---------+----+-------+-------+-----+
|Available        |      100|  90|  41600|  20800|    0|
+-----------------+---------+----+-------+-------+-----+
|Utilization (%)  |        0|   4|      1|      4|    0|
+-----------------+---------+----+-------+-------+-----+

+ Detail: 
    * Instance: 
    +------------------------+--------------------+---------+----+---+----+-----+
    |        Instance        |       Module       | BRAM_18K| DSP| FF| LUT| URAM|
    +------------------------+--------------------+---------+----+---+----+-----+
    |mul_16s_13s_26_1_1_U19  |mul_16s_13s_26_1_1  |        0|   1|  0|   6|    0|
    |mul_16s_13s_26_1_1_U20  |mul_16s_13s_26_1_1  |        0|   1|  0|   6|    0|
    |mul_16s_13s_26_1_1_U21  |mul_16s_13s_26_1_1  |        0|   1|  0|   6|    0|
    |mul_16s_14s_26_1_1_U18  |mul_16s_14s_26_1_1  |        0|   1|  0|   6|    0|
    +------------------------+--------------------+---------+----+---+----+-----+
    |Total                   |                    |        0|   4|  0|  24|    0|
    +------------------------+--------------------+---------+----+---+----+-----+

    * DSP: 
    N/A

    * Memory: 
    N/A

    * FIFO: 
    N/A

    * Expression: 
    +------------------------+----------+----+---+----+------------+------------+
    |      Variable Name     | Operation| DSP| FF| LUT| Bitwidth P0| Bitwidth P1|
    +------------------------+----------+----+---+----+------------+------------+
    |add_ln58_113_fu_789_p2  |         +|   0|  0|  16|          16|          16|
    |add_ln58_114_fu_834_p2  |         +|   0|  0|  16|          16|          16|
    |add_ln58_116_fu_840_p2  |         +|   0|  0|  16|          16|          16|
    |add_ln58_117_fu_913_p2  |         +|   0|  0|  16|          16|          16|
    |add_ln58_118_fu_870_p2  |         +|   0|  0|  23|          16|          16|
    |add_ln58_119_fu_881_p2  |         +|   0|  0|  23|          16|          16|
    |add_ln58_120_fu_887_p2  |         +|   0|  0|  16|          16|          16|
    |add_ln58_121_fu_739_p2  |         +|   0|  0|  16|          16|          16|
    |add_ln58_122_fu_666_p2  |         +|   0|  0|  16|          16|          10|
    |add_ln58_123_fu_672_p2  |         +|   0|  0|  16|          16|          16|
    |add_ln58_124_fu_745_p2  |         +|   0|  0|  16|          16|          16|
    |add_ln58_125_fu_892_p2  |         +|   0|  0|  16|          16|          16|
    |add_ln58_126_fu_917_p2  |         +|   0|  0|  16|          16|          16|
    |add_ln58_127_fu_795_p2  |         +|   0|  0|  16|          16|          16|
    |add_ln58_128_fu_801_p2  |         +|   0|  0|  23|          16|          16|
    |add_ln58_129_fu_806_p2  |         +|   0|  0|  16|          16|          16|
    |add_ln58_130_fu_846_p2  |         +|   0|  0|  16|          16|          16|
    |add_ln58_131_fu_852_p2  |         +|   0|  0|  23|          16|          16|
    |add_ln58_132_fu_858_p2  |         +|   0|  0|  16|          16|          16|
    |add_ln58_133_fu_922_p2  |         +|   0|  0|  16|          16|          16|
    |add_ln58_134_fu_875_p2  |         +|   0|  0|  23|          16|          16|
    |add_ln58_135_fu_897_p2  |         +|   0|  0|  23|          16|          16|
    |add_ln58_136_fu_903_p2  |         +|   0|  0|  16|          16|          16|
    |add_ln58_137_fu_750_p2  |         +|   0|  0|  16|          16|          16|
    |add_ln58_138_fu_678_p2  |         +|   0|  0|  16|          16|          11|
    |add_ln58_139_fu_684_p2  |         +|   0|  0|  16|          16|          16|
    |add_ln58_140_fu_756_p2  |         +|   0|  0|  16|          16|          16|
    |add_ln58_141_fu_908_p2  |         +|   0|  0|  16|          16|          16|
    |add_ln58_142_fu_926_p2  |         +|   0|  0|  16|          16|          16|
    |add_ln58_fu_783_p2      |         +|   0|  0|  16|          16|          16|
    |grp_fu_615_p2           |         +|   0|  0|  23|          16|          16|
    |sub_ln73_fu_723_p2      |         -|   0|  0|  33|          26|          26|
    |ap_enable_pp0           |       xor|   0|  0|   2|           1|           2|
    +------------------------+----------+----+---+----+------------+------------+
    |Total                   |          |   0|  0| 580|         523|         513|
    +------------------------+----------+----+---+----+------------+------------+

    * Multiplexer: 
    +-------------------------+----+-----------+-----+-----------+
    |           Name          | LUT| Input Size| Bits| Total Bits|
    +-------------------------+----+-----------+-----+-----------+
    |ap_NS_fsm                |  37|          9|    1|          9|
    |ap_enable_reg_pp0_iter0  |   9|          2|    1|          2|
    |ap_enable_reg_pp0_iter1  |   9|          2|    1|          2|
    |grp_fu_230_p0            |  37|          9|   16|        144|
    |grp_fu_230_p1            |  37|          9|   14|        126|
    |grp_fu_231_p0            |  33|          8|   16|        128|
    |grp_fu_231_p1            |  33|          8|   13|        104|
    |grp_fu_232_p0            |  37|          9|   16|        144|
    |grp_fu_232_p1            |  37|          9|   13|        117|
    |grp_fu_233_p0            |  37|          9|   16|        144|
    |grp_fu_233_p1            |  37|          9|   13|        117|
    +-------------------------+----+-----------+-----+-----------+
    |Total                    | 343|         83|  120|       1037|
    +-------------------------+----+-----------+-----+-----------+

    * Register: 
    +-----------------------------+----+----+-----+-----------+
    |             Name            | FF | LUT| Bits| Const Bits|
    +-----------------------------+----+----+-----+-----------+
    |add_ln58_113_reg_999         |  16|   0|   16|          0|
    |add_ln58_116_reg_1024        |  16|   0|   16|          0|
    |add_ln58_118_reg_1034        |  16|   0|   16|          0|
    |add_ln58_123_reg_959         |  16|   0|   16|          0|
    |add_ln58_124_reg_974         |  16|   0|   16|          0|
    |add_ln58_125_reg_1044        |  16|   0|   16|          0|
    |add_ln58_129_reg_1004        |  16|   0|   16|          0|
    |add_ln58_132_reg_1029        |  16|   0|   16|          0|
    |add_ln58_134_reg_1039        |  16|   0|   16|          0|
    |add_ln58_139_reg_964         |  16|   0|   16|          0|
    |add_ln58_140_reg_979         |  16|   0|   16|          0|
    |add_ln58_141_reg_1049        |  16|   0|   16|          0|
    |ap_CS_fsm                    |   8|   0|    8|          0|
    |ap_enable_reg_pp0_iter0_reg  |   1|   0|    1|          0|
    |ap_enable_reg_pp0_iter1      |   1|   0|    1|          0|
    |ap_port_reg_data_0_val       |  16|   0|   16|          0|
    |ap_port_reg_data_10_val      |  16|   0|   16|          0|
    |ap_port_reg_data_11_val      |  16|   0|   16|          0|
    |ap_port_reg_data_12_val      |  16|   0|   16|          0|
    |ap_port_reg_data_13_val      |  16|   0|   16|          0|
    |ap_port_reg_data_1_val       |  16|   0|   16|          0|
    |ap_port_reg_data_2_val       |  16|   0|   16|          0|
    |ap_port_reg_data_3_val       |  16|   0|   16|          0|
    |ap_port_reg_data_4_val       |  16|   0|   16|          0|
    |ap_port_reg_data_5_val       |  16|   0|   16|          0|
    |ap_port_reg_data_6_val       |  16|   0|   16|          0|
    |ap_port_reg_data_7_val       |  16|   0|   16|          0|
    |ap_port_reg_data_8_val       |  16|   0|   16|          0|
    |ap_port_reg_data_9_val       |  16|   0|   16|          0|
    |data_13_val_read_reg_948     |  16|   0|   16|          0|
    |reg_583                      |  16|   0|   16|          0|
    |reg_587                      |  16|   0|   16|          0|
    |reg_591                      |  16|   0|   16|          0|
    |reg_595                      |  16|   0|   16|          0|
    |reg_599                      |  16|   0|   16|          0|
    |reg_603                      |  16|   0|   16|          0|
    |reg_607                      |  16|   0|   16|          0|
    |reg_611                      |  16|   0|   16|          0|
    |sext_ln42_2_reg_994          |  26|   0|   26|          0|
    |sext_ln42_3_reg_1009         |  26|   0|   26|          0|
    |sext_ln42_5_reg_1019         |  26|   0|   26|          0|
    |sext_ln70_1_reg_989          |  26|   0|   26|          0|
    |sext_ln70_reg_954            |  26|   0|   26|          0|
    |sext_ln73_1_reg_969          |  26|   0|   26|          0|
    |trunc_ln42_15_reg_1014       |  16|   0|   16|          0|
    |trunc_ln42_30_reg_943        |  15|   0|   15|          0|
    |trunc_ln42_5_reg_984         |  16|   0|   16|          0|
    +-----------------------------+----+----+-----+-----------+
    |Total                        | 773|   0|  773|          0|
    +-----------------------------+----+----+-----+-----------+



================================================================
== Interface
================================================================
* Summary: 
+-------------+-----+-----+------------+----------------------------------------------------------------------------+--------------+
|  RTL Ports  | Dir | Bits|  Protocol  |                                Source Object                               |    C Type    |
+-------------+-----+-----+------------+----------------------------------------------------------------------------+--------------+
|ap_clk       |   in|    1|  ap_ctrl_hs|  dense_latency<ap_fixed<16, 6, 5, 3, 0>, ap_fixed<16, 6, 5, 3, 0>, config4>|  return value|
|ap_rst       |   in|    1|  ap_ctrl_hs|  dense_latency<ap_fixed<16, 6, 5, 3, 0>, ap_fixed<16, 6, 5, 3, 0>, config4>|  return value|
|ap_start     |   in|    1|  ap_ctrl_hs|  dense_latency<ap_fixed<16, 6, 5, 3, 0>, ap_fixed<16, 6, 5, 3, 0>, config4>|  return value|
|ap_done      |  out|    1|  ap_ctrl_hs|  dense_latency<ap_fixed<16, 6, 5, 3, 0>, ap_fixed<16, 6, 5, 3, 0>, config4>|  return value|
|ap_idle      |  out|    1|  ap_ctrl_hs|  dense_latency<ap_fixed<16, 6, 5, 3, 0>, ap_fixed<16, 6, 5, 3, 0>, config4>|  return value|
|ap_ready     |  out|    1|  ap_ctrl_hs|  dense_latency<ap_fixed<16, 6, 5, 3, 0>, ap_fixed<16, 6, 5, 3, 0>, config4>|  return value|
|ap_ce        |   in|    1|  ap_ctrl_hs|  dense_latency<ap_fixed<16, 6, 5, 3, 0>, ap_fixed<16, 6, 5, 3, 0>, config4>|  return value|
|ap_return_0  |  out|   16|  ap_ctrl_hs|  dense_latency<ap_fixed<16, 6, 5, 3, 0>, ap_fixed<16, 6, 5, 3, 0>, config4>|  return value|
|ap_return_1  |  out|   16|  ap_ctrl_hs|  dense_latency<ap_fixed<16, 6, 5, 3, 0>, ap_fixed<16, 6, 5, 3, 0>, config4>|  return value|
|data_0_val   |   in|   16|     ap_none|                                                                  data_0_val|        scalar|
|data_1_val   |   in|   16|     ap_none|                                                                  data_1_val|        scalar|
|data_2_val   |   in|   16|     ap_none|                                                                  data_2_val|        scalar|
|data_3_val   |   in|   16|     ap_none|                                                                  data_3_val|        scalar|
|data_4_val   |   in|   16|     ap_none|                                                                  data_4_val|        scalar|
|data_5_val   |   in|   16|     ap_none|                                                                  data_5_val|        scalar|
|data_6_val   |   in|   16|     ap_none|                                                                  data_6_val|        scalar|
|data_7_val   |   in|   16|     ap_none|                                                                  data_7_val|        scalar|
|data_8_val   |   in|   16|     ap_none|                                                                  data_8_val|        scalar|
|data_9_val   |   in|   16|     ap_none|                                                                  data_9_val|        scalar|
|data_10_val  |   in|   16|     ap_none|                                                                 data_10_val|        scalar|
|data_11_val  |   in|   16|     ap_none|                                                                 data_11_val|        scalar|
|data_12_val  |   in|   16|     ap_none|                                                                 data_12_val|        scalar|
|data_13_val  |   in|   16|     ap_none|                                                                 data_13_val|        scalar|
|data_14_val  |   in|   16|     ap_none|                                                                 data_14_val|        scalar|
|data_15_val  |   in|   16|     ap_none|                                                                 data_15_val|        scalar|
+-------------+-----+-----+------------+----------------------------------------------------------------------------+--------------+

