

================================================================
== Vitis HLS Report for 'dense_latency_ap_uint_1_ap_fixed_16_6_5_3_0_config2_s'
================================================================
* Date:           Sun Jul 21 18:31:33 2024

* Version:        2024.1 (Build 5069499 on May 21 2024)
* Project:        encoder_hls
* Solution:       solution1 (Vivado IP Flow Target)
* Product family: artix7
* Target device:  xc7a35t-cpg236-1


================================================================
== Performance Estimates
================================================================
+ Timing: 
    * Summary: 
    +--------+----------+----------+------------+
    |  Clock |  Target  | Estimated| Uncertainty|
    +--------+----------+----------+------------+
    |ap_clk  |  10.00 ns|  7.156 ns|     2.70 ns|
    +--------+----------+----------+------------+

+ Latency: 
    * Summary: 
    +---------+---------+-----------+-----------+-----+-----+---------+
    |  Latency (cycles) |   Latency (absolute)  |  Interval | Pipeline|
    |   min   |   max   |    min    |    max    | min | max |   Type  |
    +---------+---------+-----------+-----------+-----+-----+---------+
    |        1|        1|  10.000 ns|  10.000 ns|    2|    2|      yes|
    +---------+---------+-----------+-----------+-----+-----+---------+

    + Detail: 
        * Instance: 
        N/A

        * Loop: 
        N/A



================================================================
== Utilization Estimates
================================================================
* Summary: 
+-----------------+---------+----+-------+-------+-----+
|       Name      | BRAM_18K| DSP|   FF  |  LUT  | URAM|
+-----------------+---------+----+-------+-------+-----+
|DSP              |        -|   -|      -|      -|    -|
|Expression       |        -|   -|      0|   5173|    -|
|FIFO             |        -|   -|      -|      -|    -|
|Instance         |        -|   -|      -|      -|    -|
|Memory           |        -|   -|      -|      -|    -|
|Multiplexer      |        -|   -|      0|     13|    -|
|Register         |        -|   -|    205|      -|    -|
+-----------------+---------+----+-------+-------+-----+
|Total            |        0|   0|    205|   5186|    0|
+-----------------+---------+----+-------+-------+-----+
|Available        |      100|  90|  41600|  20800|    0|
+-----------------+---------+----+-------+-------+-----+
|Utilization (%)  |        0|   0|     ~0|     24|    0|
+-----------------+---------+----+-------+-------+-----+

+ Detail: 
    * Instance: 
    N/A

    * DSP: 
    N/A

    * Memory: 
    N/A

    * FIFO: 
    N/A

    * Expression: 
    +----------------------------+----------+----+---+----+------------+------------+
    |        Variable Name       | Operation| DSP| FF| LUT| Bitwidth P0| Bitwidth P1|
    +----------------------------+----------+----+---+----+------------+------------+
    |add_ln58_100_fu_4876_p2     |         +|   0|  0|  11|          11|          11|
    |add_ln58_101_fu_4936_p2     |         +|   0|  0|  17|          10|          10|
    |add_ln58_102_fu_4992_p2     |         +|   0|  0|  17|          10|          10|
    |add_ln58_103_fu_5002_p2     |         +|   0|  0|  18|          11|          11|
    |add_ln58_104_fu_5012_p2     |         +|   0|  0|  19|          12|          12|
    |add_ln58_105_fu_5047_p2     |         +|   0|  0|  18|          11|          11|
    |add_ln58_106_fu_5111_p2     |         +|   0|  0|  18|          11|          11|
    |add_ln58_107_fu_5121_p2     |         +|   0|  0|  12|          12|          12|
    |add_ln58_108_fu_2134_p2     |         +|   0|  0|  11|          11|          11|
    |add_ln58_109_fu_2196_p2     |         +|   0|  0|  17|          10|          10|
    |add_ln58_10_fu_2695_p2      |         +|   0|  0|  11|          11|          11|
    |add_ln58_110_fu_2206_p2     |         +|   0|  0|  11|          11|          11|
    |add_ln58_111_fu_5130_p2     |         +|   0|  0|  12|          12|          12|
    |add_ln58_11_fu_1280_p2      |         +|   0|  0|  18|          11|          11|
    |add_ln58_12_fu_2701_p2      |         +|   0|  0|  11|          11|          11|
    |add_ln58_13_fu_2710_p2      |         +|   0|  0|  19|          12|          12|
    |add_ln58_14_fu_1314_p2      |         +|   0|  0|  17|          10|          10|
    |add_ln58_15_fu_2769_p2      |         +|   0|  0|  11|          11|          11|
    |add_ln58_16_fu_2775_p2      |         +|   0|  0|  11|          11|          11|
    |add_ln58_17_fu_1376_p2      |         +|   0|  0|  18|          11|          11|
    |add_ln58_18_fu_2838_p2      |         +|   0|  0|  12|          12|          12|
    |add_ln58_19_fu_2844_p2      |         +|   0|  0|  12|          12|          12|
    |add_ln58_1_fu_2510_p2       |         +|   0|  0|  16|           9|           9|
    |add_ln58_20_fu_2854_p2      |         +|   0|  0|  20|          13|          13|
    |add_ln58_21_fu_1406_p2      |         +|   0|  0|  17|          10|          10|
    |add_ln58_22_fu_2917_p2      |         +|   0|  0|  11|          11|          11|
    |add_ln58_23_fu_2923_p2      |         +|   0|  0|  11|          11|          11|
    |add_ln58_24_fu_2983_p2      |         +|   0|  0|  18|          11|          11|
    |add_ln58_25_fu_3043_p2      |         +|   0|  0|  18|          11|          11|
    |add_ln58_26_fu_3053_p2      |         +|   0|  0|  19|          12|          12|
    |add_ln58_27_fu_3063_p2      |         +|   0|  0|  20|          13|          13|
    |add_ln58_28_fu_3098_p2      |         +|   0|  0|  18|          11|          11|
    |add_ln58_29_fu_3158_p2      |         +|   0|  0|  18|          11|          11|
    |add_ln58_2_fu_2520_p2       |         +|   0|  0|  19|          12|          12|
    |add_ln58_30_fu_3168_p2      |         +|   0|  0|  19|          12|          12|
    |add_ln58_31_fu_3228_p2      |         +|   0|  0|  18|          11|          11|
    |add_ln58_32_fu_3284_p2      |         +|   0|  0|  18|          11|          11|
    |add_ln58_33_fu_3294_p2      |         +|   0|  0|  19|          12|          12|
    |add_ln58_34_fu_3304_p2      |         +|   0|  0|  20|          13|          13|
    |add_ln58_35_fu_1440_p2      |         +|   0|  0|  11|          11|          11|
    |add_ln58_36_fu_1506_p2      |         +|   0|  0|  17|          10|          10|
    |add_ln58_37_fu_1516_p2      |         +|   0|  0|  11|          11|          11|
    |add_ln58_38_fu_3367_p2      |         +|   0|  0|  18|          11|          11|
    |add_ln58_39_fu_3427_p2      |         +|   0|  0|  18|          11|          11|
    |add_ln58_3_fu_2580_p2       |         +|   0|  0|  11|          11|          11|
    |add_ln58_40_fu_3437_p2      |         +|   0|  0|  12|          12|          12|
    |add_ln58_41_fu_3443_p2      |         +|   0|  0|  12|          12|          12|
    |add_ln58_42_fu_3478_p2      |         +|   0|  0|  18|          11|          11|
    |add_ln58_43_fu_3538_p2      |         +|   0|  0|  18|          11|          11|
    |add_ln58_44_fu_3548_p2      |         +|   0|  0|  19|          12|          12|
    |add_ln58_45_fu_3604_p2      |         +|   0|  0|  18|          11|          11|
    |add_ln58_46_fu_3660_p2      |         +|   0|  0|  17|          10|          10|
    |add_ln58_47_fu_3670_p2      |         +|   0|  0|  19|          12|          12|
    |add_ln58_48_fu_3680_p2      |         +|   0|  0|  20|          13|          13|
    |add_ln58_49_fu_1546_p2      |         +|   0|  0|  17|          10|          10|
    |add_ln58_4_fu_1156_p2       |         +|   0|  0|  18|          11|          11|
    |add_ln58_50_fu_3743_p2      |         +|   0|  0|  11|          11|          11|
    |add_ln58_51_fu_3749_p2      |         +|   0|  0|  11|          11|          11|
    |add_ln58_52_fu_3809_p2      |         +|   0|  0|  11|          11|          11|
    |add_ln58_53_fu_1604_p2      |         +|   0|  0|  16|           9|           9|
    |add_ln58_54_fu_3818_p2      |         +|   0|  0|  11|          11|          11|
    |add_ln58_55_fu_3828_p2      |         +|   0|  0|  19|          12|          12|
    |add_ln58_56_fu_1634_p2      |         +|   0|  0|  17|          10|          10|
    |add_ln58_57_fu_3887_p2      |         +|   0|  0|  11|          11|          11|
    |add_ln58_58_fu_3893_p2      |         +|   0|  0|  11|          11|          11|
    |add_ln58_59_fu_3949_p2      |         +|   0|  0|  17|          10|          10|
    |add_ln58_5_fu_2586_p2       |         +|   0|  0|  11|          11|          11|
    |add_ln58_60_fu_4009_p2      |         +|   0|  0|  18|          11|          11|
    |add_ln58_61_fu_4019_p2      |         +|   0|  0|  19|          12|          12|
    |add_ln58_62_fu_4029_p2      |         +|   0|  0|  20|          13|          13|
    |add_ln58_63_fu_4064_p2      |         +|   0|  0|  17|          10|          10|
    |add_ln58_64_fu_4120_p2      |         +|   0|  0|  17|          10|          10|
    |add_ln58_65_fu_4130_p2      |         +|   0|  0|  12|          12|          12|
    |add_ln58_66_fu_1692_p2      |         +|   0|  0|  17|          10|          10|
    |add_ln58_67_fu_1758_p2      |         +|   0|  0|  12|          12|          12|
    |add_ln58_68_fu_1764_p2      |         +|   0|  0|  12|          12|          12|
    |add_ln58_69_fu_4136_p2      |         +|   0|  0|  12|          12|          12|
    |add_ln58_6_fu_2595_p2       |         +|   0|  0|  20|          13|          13|
    |add_ln58_70_fu_4166_p2      |         +|   0|  0|  17|          10|          10|
    |add_ln58_71_fu_4218_p2      |         +|   0|  0|  17|          10|          10|
    |add_ln58_72_fu_4228_p2      |         +|   0|  0|  18|          11|          11|
    |add_ln58_73_fu_4284_p2      |         +|   0|  0|  18|          11|          11|
    |add_ln58_74_fu_4340_p2      |         +|   0|  0|  18|          11|          11|
    |add_ln58_75_fu_4350_p2      |         +|   0|  0|  19|          12|          12|
    |add_ln58_76_fu_4360_p2      |         +|   0|  0|  20|          13|          13|
    |add_ln58_77_fu_1794_p2      |         +|   0|  0|  17|          10|          10|
    |add_ln58_78_fu_4423_p2      |         +|   0|  0|  11|          11|          11|
    |add_ln58_79_fu_4429_p2      |         +|   0|  0|  11|          11|          11|
    |add_ln58_7_fu_2630_p2       |         +|   0|  0|  11|          11|          11|
    |add_ln58_80_fu_1852_p2      |         +|   0|  0|  17|          10|          10|
    |add_ln58_81_fu_4492_p2      |         +|   0|  0|  11|          11|          11|
    |add_ln58_82_fu_4498_p2      |         +|   0|  0|  11|          11|          11|
    |add_ln58_83_fu_4508_p2      |         +|   0|  0|  19|          12|          12|
    |add_ln58_84_fu_4543_p2      |         +|   0|  0|  11|          11|          11|
    |add_ln58_85_fu_1914_p2      |         +|   0|  0|  17|          10|          10|
    |add_ln58_86_fu_4552_p2      |         +|   0|  0|  11|          11|          11|
    |add_ln58_87_fu_4612_p2      |         +|   0|  0|  11|          11|          11|
    |add_ln58_88_fu_1976_p2      |         +|   0|  0|  18|          11|          11|
    |add_ln58_89_fu_4618_p2      |         +|   0|  0|  11|          11|          11|
    |add_ln58_8_fu_1218_p2       |         +|   0|  0|  17|          10|          10|
    |add_ln58_90_fu_4627_p2      |         +|   0|  0|  19|          12|          12|
    |add_ln58_91_fu_4666_p2      |         +|   0|  0|  18|          11|          11|
    |add_ln58_92_fu_4726_p2      |         +|   0|  0|  18|          11|          11|
    |add_ln58_93_fu_4736_p2      |         +|   0|  0|  19|          12|          12|
    |add_ln58_94_fu_2038_p2      |         +|   0|  0|  17|          10|          10|
    |add_ln58_95_fu_4795_p2      |         +|   0|  0|  11|          11|          11|
    |add_ln58_96_fu_4801_p2      |         +|   0|  0|  11|          11|          11|
    |add_ln58_97_fu_4811_p2      |         +|   0|  0|  20|          13|          13|
    |add_ln58_98_fu_2072_p2      |         +|   0|  0|  17|          10|          10|
    |add_ln58_99_fu_4870_p2      |         +|   0|  0|  11|          11|          11|
    |add_ln58_9_fu_2639_p2       |         +|   0|  0|  11|          11|          11|
    |add_ln58_fu_2454_p2         |         +|   0|  0|  18|          11|          11|
    |select_ln58_100_fu_1328_p3  |    select|   0|  0|   8|           1|           8|
    |select_ln58_101_fu_1336_p3  |    select|   0|  0|  10|           1|          10|
    |select_ln58_102_fu_1348_p3  |    select|   0|  0|  10|           1|          10|
    |select_ln58_103_fu_1356_p3  |    select|   0|  0|   8|           1|           8|
    |select_ln58_104_fu_1364_p3  |    select|   0|  0|  10|           1|          10|
    |select_ln58_105_fu_2788_p3  |    select|   0|  0|  11|           1|          11|
    |select_ln58_106_fu_2795_p3  |    select|   0|  0|  10|           1|          10|
    |select_ln58_107_fu_2802_p3  |    select|   0|  0|  11|           1|          11|
    |select_ln58_108_fu_2813_p3  |    select|   0|  0|  10|           1|           8|
    |select_ln58_109_fu_2820_p3  |    select|   0|  0|   9|           1|           9|
    |select_ln58_10_fu_960_p3    |    select|   0|  0|   8|           1|           8|
    |select_ln58_110_fu_2827_p3  |    select|   0|  0|  10|           1|          10|
    |select_ln58_111_fu_1382_p3  |    select|   0|  0|   9|           1|           7|
    |select_ln58_112_fu_1390_p3  |    select|   0|  0|   9|           1|           9|
    |select_ln58_113_fu_1398_p3  |    select|   0|  0|  10|           1|          10|
    |select_ln58_114_fu_2867_p3  |    select|   0|  0|   9|           1|           7|
    |select_ln58_115_fu_2874_p3  |    select|   0|  0|   8|           1|           8|
    |select_ln58_116_fu_2881_p3  |    select|   0|  0|   9|           1|           9|
    |select_ln58_117_fu_2892_p3  |    select|   0|  0|   9|           1|           9|
    |select_ln58_118_fu_2899_p3  |    select|   0|  0|  10|           1|          10|
    |select_ln58_119_fu_2906_p3  |    select|   0|  0|  10|           1|          10|
    |select_ln58_11_fu_968_p3    |    select|   0|  0|   9|           1|           9|
    |select_ln58_120_fu_2933_p3  |    select|   0|  0|   9|           1|           6|
    |select_ln58_121_fu_2940_p3  |    select|   0|  0|  10|           1|          10|
    |select_ln58_122_fu_2947_p3  |    select|   0|  0|  10|           1|          10|
    |select_ln58_123_fu_2958_p3  |    select|   0|  0|   8|           1|           8|
    |select_ln58_124_fu_2965_p3  |    select|   0|  0|   9|           1|           9|
    |select_ln58_125_fu_2972_p3  |    select|   0|  0|   9|           1|           9|
    |select_ln58_126_fu_2993_p3  |    select|   0|  0|   8|           1|           5|
    |select_ln58_127_fu_3000_p3  |    select|   0|  0|   9|           1|           9|
    |select_ln58_128_fu_3007_p3  |    select|   0|  0|   9|           1|           9|
    |select_ln58_129_fu_3018_p3  |    select|   0|  0|  10|           1|          10|
    |select_ln58_12_fu_2262_p3   |    select|   0|  0|   9|           1|           8|
    |select_ln58_130_fu_3025_p3  |    select|   0|  0|   9|           1|           9|
    |select_ln58_131_fu_3032_p3  |    select|   0|  0|  10|           1|          10|
    |select_ln58_132_fu_3073_p3  |    select|   0|  0|   8|           1|           5|
    |select_ln58_133_fu_3080_p3  |    select|   0|  0|   7|           1|           7|
    |select_ln58_134_fu_3087_p3  |    select|   0|  0|   8|           1|           8|
    |select_ln58_135_fu_3108_p3  |    select|   0|  0|   9|           1|           9|
    |select_ln58_136_fu_3115_p3  |    select|   0|  0|   8|           1|           8|
    |select_ln58_137_fu_3122_p3  |    select|   0|  0|   9|           1|           9|
    |select_ln58_138_fu_3133_p3  |    select|   0|  0|   8|           1|           8|
    |select_ln58_139_fu_3140_p3  |    select|   0|  0|   8|           1|           8|
    |select_ln58_13_fu_2269_p3   |    select|   0|  0|   9|           1|           9|
    |select_ln58_140_fu_3147_p3  |    select|   0|  0|   9|           1|           9|
    |select_ln58_141_fu_3178_p3  |    select|   0|  0|   9|           1|           9|
    |select_ln58_142_fu_3185_p3  |    select|   0|  0|   9|           1|           9|
    |select_ln58_143_fu_3192_p3  |    select|   0|  0|  10|           1|          10|
    |select_ln58_144_fu_3203_p3  |    select|   0|  0|   8|           1|           5|
    |select_ln58_145_fu_3210_p3  |    select|   0|  0|   9|           1|           9|
    |select_ln58_146_fu_3217_p3  |    select|   0|  0|   9|           1|           9|
    |select_ln58_147_fu_3238_p3  |    select|   0|  0|   9|           1|           5|
    |select_ln58_148_fu_3245_p3  |    select|   0|  0|  10|           1|          10|
    |select_ln58_149_fu_3252_p3  |    select|   0|  0|  10|           1|          10|
    |select_ln58_14_fu_2276_p3   |    select|   0|  0|  10|           1|          10|
    |select_ln58_150_fu_3263_p3  |    select|   0|  0|  11|           1|          11|
    |select_ln58_151_fu_3270_p3  |    select|   0|  0|   9|           1|           9|
    |select_ln58_152_fu_3277_p3  |    select|   0|  0|  11|           1|          11|
    |select_ln58_153_fu_1412_p3  |    select|   0|  0|   8|           1|           8|
    |select_ln58_154_fu_1420_p3  |    select|   0|  0|   8|           1|           8|
    |select_ln58_155_fu_1428_p3  |    select|   0|  0|   8|           1|           8|
    |select_ln58_156_fu_1446_p3  |    select|   0|  0|   8|           1|           8|
    |select_ln58_157_fu_1454_p3  |    select|   0|  0|   8|           1|           8|
    |select_ln58_158_fu_1462_p3  |    select|   0|  0|   9|           1|           9|
    |select_ln58_159_fu_1474_p3  |    select|   0|  0|   6|           1|           6|
    |select_ln58_15_fu_980_p3    |    select|   0|  0|  11|           1|          11|
    |select_ln58_160_fu_1482_p3  |    select|   0|  0|   7|           1|           7|
    |select_ln58_161_fu_1490_p3  |    select|   0|  0|   7|           1|           7|
    |select_ln58_162_fu_3317_p3  |    select|   0|  0|   9|           1|           9|
    |select_ln58_163_fu_3324_p3  |    select|   0|  0|   7|           1|           7|
    |select_ln58_164_fu_3331_p3  |    select|   0|  0|  10|           1|          10|
    |select_ln58_165_fu_3342_p3  |    select|   0|  0|   8|           1|           8|
    |select_ln58_166_fu_3349_p3  |    select|   0|  0|  10|           1|          10|
    |select_ln58_167_fu_3356_p3  |    select|   0|  0|  10|           1|          10|
    |select_ln58_168_fu_3377_p3  |    select|   0|  0|  10|           1|           9|
    |select_ln58_169_fu_3384_p3  |    select|   0|  0|   8|           1|           8|
    |select_ln58_16_fu_988_p3    |    select|   0|  0|   9|           1|           9|
    |select_ln58_170_fu_3391_p3  |    select|   0|  0|  10|           1|          10|
    |select_ln58_171_fu_3402_p3  |    select|   0|  0|  10|           1|          10|
    |select_ln58_172_fu_3409_p3  |    select|   0|  0|   7|           1|           7|
    |select_ln58_173_fu_3416_p3  |    select|   0|  0|  10|           1|          10|
    |select_ln58_174_fu_3453_p3  |    select|   0|  0|  10|           1|          10|
    |select_ln58_175_fu_3460_p3  |    select|   0|  0|   9|           1|           9|
    |select_ln58_176_fu_3467_p3  |    select|   0|  0|  10|           1|          10|
    |select_ln58_177_fu_3488_p3  |    select|   0|  0|  10|           1|          10|
    |select_ln58_178_fu_3495_p3  |    select|   0|  0|   9|           1|           9|
    |select_ln58_179_fu_3502_p3  |    select|   0|  0|  10|           1|          10|
    |select_ln58_17_fu_996_p3    |    select|   0|  0|  11|           1|          11|
    |select_ln58_180_fu_3513_p3  |    select|   0|  0|  10|           1|          10|
    |select_ln58_181_fu_3520_p3  |    select|   0|  0|  10|           1|          10|
    |select_ln58_182_fu_3527_p3  |    select|   0|  0|  10|           1|          10|
    |select_ln58_183_fu_3558_p3  |    select|   0|  0|  11|           1|          11|
    |select_ln58_184_fu_3565_p3  |    select|   0|  0|   9|           1|           9|
    |select_ln58_185_fu_3572_p3  |    select|   0|  0|  11|           1|          11|
    |select_ln58_186_fu_3579_p3  |    select|   0|  0|   9|           1|           8|
    |select_ln58_187_fu_3586_p3  |    select|   0|  0|   7|           1|           7|
    |select_ln58_188_fu_3593_p3  |    select|   0|  0|   9|           1|           9|
    |select_ln58_189_fu_3614_p3  |    select|   0|  0|  10|           1|          10|
    |select_ln58_18_fu_2287_p3   |    select|   0|  0|   8|           1|           4|
    |select_ln58_190_fu_3621_p3  |    select|   0|  0|   9|           1|           9|
    |select_ln58_191_fu_3628_p3  |    select|   0|  0|  10|           1|          10|
    |select_ln58_192_fu_3635_p3  |    select|   0|  0|   9|           1|           9|
    |select_ln58_193_fu_3642_p3  |    select|   0|  0|   9|           1|           9|
    |select_ln58_194_fu_3649_p3  |    select|   0|  0|   9|           1|           9|
    |select_ln58_195_fu_1522_p3  |    select|   0|  0|  10|           1|          10|
    |select_ln58_196_fu_1530_p3  |    select|   0|  0|  10|           1|          10|
    |select_ln58_197_fu_1538_p3  |    select|   0|  0|  10|           1|          10|
    |select_ln58_198_fu_3693_p3  |    select|   0|  0|   9|           1|           8|
    |select_ln58_199_fu_3700_p3  |    select|   0|  0|   9|           1|           9|
    |select_ln58_19_fu_2294_p3   |    select|   0|  0|  10|           1|          10|
    |select_ln58_1_fu_2219_p3    |    select|   0|  0|   6|           1|           6|
    |select_ln58_200_fu_3707_p3  |    select|   0|  0|  10|           1|          10|
    |select_ln58_201_fu_3718_p3  |    select|   0|  0|   8|           1|           8|
    |select_ln58_202_fu_3725_p3  |    select|   0|  0|   5|           1|           5|
    |select_ln58_203_fu_3732_p3  |    select|   0|  0|   9|           1|           9|
    |select_ln58_204_fu_3759_p3  |    select|   0|  0|  10|           1|          10|
    |select_ln58_205_fu_3766_p3  |    select|   0|  0|   9|           1|           9|
    |select_ln58_206_fu_3773_p3  |    select|   0|  0|  10|           1|          10|
    |select_ln58_207_fu_3784_p3  |    select|   0|  0|   8|           1|           8|
    |select_ln58_208_fu_3791_p3  |    select|   0|  0|   4|           1|           4|
    |select_ln58_209_fu_3798_p3  |    select|   0|  0|   8|           1|           8|
    |select_ln58_20_fu_2301_p3   |    select|   0|  0|  10|           1|          10|
    |select_ln58_210_fu_1552_p3  |    select|   0|  0|   9|           1|           9|
    |select_ln58_211_fu_1560_p3  |    select|   0|  0|   9|           1|           9|
    |select_ln58_212_fu_1568_p3  |    select|   0|  0|   9|           1|           9|
    |select_ln58_213_fu_1576_p3  |    select|   0|  0|   8|           1|           8|
    |select_ln58_214_fu_1584_p3  |    select|   0|  0|   7|           1|           7|
    |select_ln58_215_fu_1592_p3  |    select|   0|  0|   8|           1|           8|
    |select_ln58_216_fu_1610_p3  |    select|   0|  0|   9|           1|           8|
    |select_ln58_217_fu_1618_p3  |    select|   0|  0|   9|           1|           9|
    |select_ln58_218_fu_1626_p3  |    select|   0|  0|  10|           1|          10|
    |select_ln58_219_fu_3841_p3  |    select|   0|  0|  11|           1|          11|
    |select_ln58_21_fu_1004_p3   |    select|   0|  0|   7|           1|           6|
    |select_ln58_220_fu_3848_p3  |    select|   0|  0|   9|           1|           9|
    |select_ln58_221_fu_3855_p3  |    select|   0|  0|  11|           1|          11|
    |select_ln58_222_fu_3862_p3  |    select|   0|  0|  10|           1|          10|
    |select_ln58_223_fu_3869_p3  |    select|   0|  0|   6|           1|           6|
    |select_ln58_224_fu_3876_p3  |    select|   0|  0|  10|           1|          10|
    |select_ln58_225_fu_3903_p3  |    select|   0|  0|  10|           1|          10|
    |select_ln58_226_fu_3910_p3  |    select|   0|  0|   9|           1|           9|
    |select_ln58_227_fu_3917_p3  |    select|   0|  0|  10|           1|          10|
    |select_ln58_228_fu_3924_p3  |    select|   0|  0|   8|           1|           7|
    |select_ln58_229_fu_3931_p3  |    select|   0|  0|   8|           1|           8|
    |select_ln58_22_fu_1012_p3   |    select|   0|  0|   6|           1|           6|
    |select_ln58_230_fu_3938_p3  |    select|   0|  0|   9|           1|           9|
    |select_ln58_231_fu_3959_p3  |    select|   0|  0|   9|           1|           9|
    |select_ln58_232_fu_3966_p3  |    select|   0|  0|   9|           1|           9|
    |select_ln58_233_fu_3973_p3  |    select|   0|  0|  10|           1|          10|
    |select_ln58_234_fu_3984_p3  |    select|   0|  0|  10|           1|          10|
    |select_ln58_235_fu_3991_p3  |    select|   0|  0|   9|           1|           9|
    |select_ln58_236_fu_3998_p3  |    select|   0|  0|  10|           1|          10|
    |select_ln58_237_fu_4039_p3  |    select|   0|  0|   8|           1|           8|
    |select_ln58_238_fu_4046_p3  |    select|   0|  0|   6|           1|           6|
    |select_ln58_239_fu_4053_p3  |    select|   0|  0|   8|           1|           8|
    |select_ln58_23_fu_1020_p3   |    select|   0|  0|   7|           1|           7|
    |select_ln58_240_fu_4074_p3  |    select|   0|  0|   9|           1|           9|
    |select_ln58_241_fu_4081_p3  |    select|   0|  0|   9|           1|           9|
    |select_ln58_242_fu_4088_p3  |    select|   0|  0|   9|           1|           9|
    |select_ln58_243_fu_4099_p3  |    select|   0|  0|  10|           1|          10|
    |select_ln58_244_fu_4106_p3  |    select|   0|  0|   9|           1|           9|
    |select_ln58_245_fu_4113_p3  |    select|   0|  0|  10|           1|          10|
    |select_ln58_246_fu_1640_p3  |    select|   0|  0|   8|           1|           8|
    |select_ln58_247_fu_1648_p3  |    select|   0|  0|   8|           1|           8|
    |select_ln58_248_fu_1656_p3  |    select|   0|  0|   8|           1|           8|
    |select_ln58_249_fu_1668_p3  |    select|   0|  0|  10|           1|          10|
    |select_ln58_24_fu_1032_p3   |    select|   0|  0|   9|           1|           9|
    |select_ln58_250_fu_1676_p3  |    select|   0|  0|  10|           1|          10|
    |select_ln58_251_fu_1684_p3  |    select|   0|  0|  10|           1|          10|
    |select_ln58_252_fu_1702_p3  |    select|   0|  0|  10|           1|          10|
    |select_ln58_253_fu_1710_p3  |    select|   0|  0|   9|           1|           9|
    |select_ln58_254_fu_1718_p3  |    select|   0|  0|  10|           1|          10|
    |select_ln58_255_fu_1730_p3  |    select|   0|  0|  11|           1|          11|
    |select_ln58_256_fu_1738_p3  |    select|   0|  0|  10|           1|          10|
    |select_ln58_257_fu_1746_p3  |    select|   0|  0|  11|           1|          11|
    |select_ln58_258_fu_4145_p3  |    select|   0|  0|  10|           1|          10|
    |select_ln58_259_fu_4152_p3  |    select|   0|  0|   7|           1|           7|
    |select_ln58_25_fu_1040_p3   |    select|   0|  0|  10|           1|          10|
    |select_ln58_260_fu_4159_p3  |    select|   0|  0|  10|           1|          10|
    |select_ln58_261_fu_4176_p3  |    select|   0|  0|  10|           1|          10|
    |select_ln58_262_fu_4183_p3  |    select|   0|  0|   9|           1|           9|
    |select_ln58_263_fu_4190_p3  |    select|   0|  0|  10|           1|          10|
    |select_ln58_264_fu_4197_p3  |    select|   0|  0|   9|           1|           9|
    |select_ln58_265_fu_4204_p3  |    select|   0|  0|   9|           1|           9|
    |select_ln58_266_fu_4211_p3  |    select|   0|  0|  10|           1|          10|
    |select_ln58_267_fu_4238_p3  |    select|   0|  0|  11|           1|          11|
    |select_ln58_268_fu_4245_p3  |    select|   0|  0|  10|           1|          10|
    |select_ln58_269_fu_4252_p3  |    select|   0|  0|  11|           1|          11|
    |select_ln58_26_fu_1048_p3   |    select|   0|  0|  10|           1|          10|
    |select_ln58_270_fu_4259_p3  |    select|   0|  0|  10|           1|          10|
    |select_ln58_271_fu_4266_p3  |    select|   0|  0|   2|           1|           2|
    |select_ln58_272_fu_4273_p3  |    select|   0|  0|  10|           1|          10|
    |select_ln58_273_fu_4294_p3  |    select|   0|  0|  10|           1|          10|
    |select_ln58_274_fu_4301_p3  |    select|   0|  0|  10|           1|          10|
    |select_ln58_275_fu_4308_p3  |    select|   0|  0|  10|           1|          10|
    |select_ln58_276_fu_4319_p3  |    select|   0|  0|  11|           1|          11|
    |select_ln58_277_fu_4326_p3  |    select|   0|  0|  10|           1|          10|
    |select_ln58_278_fu_4333_p3  |    select|   0|  0|  11|           1|          11|
    |select_ln58_279_fu_1770_p3  |    select|   0|  0|  10|           1|          10|
    |select_ln58_27_fu_2312_p3   |    select|   0|  0|   9|           1|           9|
    |select_ln58_280_fu_1778_p3  |    select|   0|  0|   8|           1|           8|
    |select_ln58_281_fu_1786_p3  |    select|   0|  0|  10|           1|          10|
    |select_ln58_282_fu_4373_p3  |    select|   0|  0|  10|           1|          10|
    |select_ln58_283_fu_4380_p3  |    select|   0|  0|   8|           1|           8|
    |select_ln58_284_fu_4387_p3  |    select|   0|  0|  10|           1|          10|
    |select_ln58_285_fu_4398_p3  |    select|   0|  0|   9|           1|           9|
    |select_ln58_286_fu_4405_p3  |    select|   0|  0|   9|           1|           9|
    |select_ln58_287_fu_4412_p3  |    select|   0|  0|   9|           1|           9|
    |select_ln58_288_fu_1800_p3  |    select|   0|  0|   8|           1|           5|
    |select_ln58_289_fu_1808_p3  |    select|   0|  0|   7|           1|           7|
    |select_ln58_28_fu_2319_p3   |    select|   0|  0|   9|           1|           9|
    |select_ln58_290_fu_1816_p3  |    select|   0|  0|   8|           1|           8|
    |select_ln58_291_fu_1828_p3  |    select|   0|  0|   9|           1|           9|
    |select_ln58_292_fu_1836_p3  |    select|   0|  0|  10|           1|          10|
    |select_ln58_293_fu_1844_p3  |    select|   0|  0|  10|           1|          10|
    |select_ln58_294_fu_4442_p3  |    select|   0|  0|   9|           1|           8|
    |select_ln58_295_fu_4449_p3  |    select|   0|  0|  10|           1|          10|
    |select_ln58_296_fu_4456_p3  |    select|   0|  0|  10|           1|          10|
    |select_ln58_297_fu_4467_p3  |    select|   0|  0|   8|           1|           8|
    |select_ln58_298_fu_4474_p3  |    select|   0|  0|   9|           1|           9|
    |select_ln58_299_fu_4481_p3  |    select|   0|  0|   9|           1|           9|
    |select_ln58_29_fu_2326_p3   |    select|   0|  0|  10|           1|          10|
    |select_ln58_2_fu_2226_p3    |    select|   0|  0|  10|           1|          10|
    |select_ln58_300_fu_4518_p3  |    select|   0|  0|  10|           1|           6|
    |select_ln58_301_fu_4525_p3  |    select|   0|  0|   9|           1|           9|
    |select_ln58_302_fu_4532_p3  |    select|   0|  0|  10|           1|          10|
    |select_ln58_303_fu_1858_p3  |    select|   0|  0|   9|           1|           9|
    |select_ln58_304_fu_1866_p3  |    select|   0|  0|   8|           1|           8|
    |select_ln58_305_fu_1874_p3  |    select|   0|  0|   8|           1|           8|
    |select_ln58_306_fu_1886_p3  |    select|   0|  0|   8|           1|           7|
    |select_ln58_307_fu_1894_p3  |    select|   0|  0|   9|           1|           9|
    |select_ln58_308_fu_1902_p3  |    select|   0|  0|   9|           1|           9|
    |select_ln58_309_fu_4562_p3  |    select|   0|  0|  10|           1|          10|
    |select_ln58_30_fu_2333_p3   |    select|   0|  0|   8|           1|           8|
    |select_ln58_310_fu_4569_p3  |    select|   0|  0|   9|           1|           9|
    |select_ln58_311_fu_4576_p3  |    select|   0|  0|  10|           1|          10|
    |select_ln58_312_fu_4587_p3  |    select|   0|  0|  10|           1|           6|
    |select_ln58_313_fu_4594_p3  |    select|   0|  0|   9|           1|           9|
    |select_ln58_314_fu_4601_p3  |    select|   0|  0|  10|           1|          10|
    |select_ln58_315_fu_1920_p3  |    select|   0|  0|   9|           1|           8|
    |select_ln58_316_fu_1928_p3  |    select|   0|  0|   4|           1|           4|
    |select_ln58_317_fu_1936_p3  |    select|   0|  0|   9|           1|           9|
    |select_ln58_318_fu_1948_p3  |    select|   0|  0|   8|           1|           7|
    |select_ln58_319_fu_1956_p3  |    select|   0|  0|   8|           1|           8|
    |select_ln58_31_fu_2340_p3   |    select|   0|  0|   9|           1|           9|
    |select_ln58_320_fu_1964_p3  |    select|   0|  0|   9|           1|           9|
    |select_ln58_321_fu_4637_p3  |    select|   0|  0|   7|           1|           7|
    |select_ln58_322_fu_4644_p3  |    select|   0|  0|   3|           1|           3|
    |select_ln58_323_fu_4651_p3  |    select|   0|  0|   7|           1|           7|
    |select_ln58_324_fu_4676_p3  |    select|   0|  0|  10|           1|          10|
    |select_ln58_325_fu_4683_p3  |    select|   0|  0|   9|           1|           9|
    |select_ln58_326_fu_4690_p3  |    select|   0|  0|  10|           1|          10|
    |select_ln58_327_fu_4701_p3  |    select|   0|  0|  10|           1|           7|
    |select_ln58_328_fu_4708_p3  |    select|   0|  0|   8|           1|           8|
    |select_ln58_329_fu_4715_p3  |    select|   0|  0|  10|           1|          10|
    |select_ln58_32_fu_2347_p3   |    select|   0|  0|  10|           1|          10|
    |select_ln58_330_fu_1982_p3  |    select|   0|  0|   9|           1|           9|
    |select_ln58_331_fu_1990_p3  |    select|   0|  0|   8|           1|           8|
    |select_ln58_332_fu_1998_p3  |    select|   0|  0|   9|           1|           9|
    |select_ln58_333_fu_2010_p3  |    select|   0|  0|   9|           1|           9|
    |select_ln58_334_fu_2018_p3  |    select|   0|  0|   3|           1|           3|
    |select_ln58_335_fu_2026_p3  |    select|   0|  0|   9|           1|           9|
    |select_ln58_336_fu_4749_p3  |    select|   0|  0|   9|           1|           8|
    |select_ln58_337_fu_4756_p3  |    select|   0|  0|   8|           1|           8|
    |select_ln58_338_fu_4763_p3  |    select|   0|  0|   9|           1|           9|
    |select_ln58_339_fu_4774_p3  |    select|   0|  0|  11|           1|          11|
    |select_ln58_33_fu_1056_p3   |    select|   0|  0|   9|           1|           9|
    |select_ln58_340_fu_4781_p3  |    select|   0|  0|   9|           1|           9|
    |select_ln58_341_fu_4788_p3  |    select|   0|  0|  11|           1|          11|
    |select_ln58_342_fu_2044_p3  |    select|   0|  0|   9|           1|           9|
    |select_ln58_343_fu_2052_p3  |    select|   0|  0|   7|           1|           7|
    |select_ln58_344_fu_2060_p3  |    select|   0|  0|   9|           1|           9|
    |select_ln58_345_fu_4824_p3  |    select|   0|  0|  11|           1|          11|
    |select_ln58_346_fu_4831_p3  |    select|   0|  0|  10|           1|          10|
    |select_ln58_347_fu_4838_p3  |    select|   0|  0|  11|           1|          11|
    |select_ln58_348_fu_4845_p3  |    select|   0|  0|   8|           1|           6|
    |select_ln58_349_fu_4852_p3  |    select|   0|  0|   7|           1|           7|
    |select_ln58_34_fu_1064_p3   |    select|   0|  0|   7|           1|           6|
    |select_ln58_350_fu_4859_p3  |    select|   0|  0|   8|           1|           8|
    |select_ln58_351_fu_4886_p3  |    select|   0|  0|   9|           1|           3|
    |select_ln58_352_fu_4893_p3  |    select|   0|  0|   8|           1|           8|
    |select_ln58_353_fu_4900_p3  |    select|   0|  0|   9|           1|           9|
    |select_ln58_354_fu_4911_p3  |    select|   0|  0|  10|           1|          10|
    |select_ln58_355_fu_4918_p3  |    select|   0|  0|   8|           1|           8|
    |select_ln58_356_fu_4925_p3  |    select|   0|  0|   9|           1|           9|
    |select_ln58_357_fu_4946_p3  |    select|   0|  0|  10|           1|           8|
    |select_ln58_358_fu_4953_p3  |    select|   0|  0|   9|           1|           9|
    |select_ln58_359_fu_4960_p3  |    select|   0|  0|  10|           1|          10|
    |select_ln58_35_fu_1072_p3   |    select|   0|  0|  10|           1|          10|
    |select_ln58_360_fu_4967_p3  |    select|   0|  0|   9|           1|           9|
    |select_ln58_361_fu_4974_p3  |    select|   0|  0|   8|           1|           8|
    |select_ln58_362_fu_4981_p3  |    select|   0|  0|   9|           1|           9|
    |select_ln58_363_fu_5022_p3  |    select|   0|  0|  10|           1|           6|
    |select_ln58_364_fu_5029_p3  |    select|   0|  0|   9|           1|           9|
    |select_ln58_365_fu_5036_p3  |    select|   0|  0|  10|           1|          10|
    |select_ln58_366_fu_5057_p3  |    select|   0|  0|   8|           1|           5|
    |select_ln58_367_fu_5064_p3  |    select|   0|  0|   7|           1|           7|
    |select_ln58_368_fu_5071_p3  |    select|   0|  0|   8|           1|           8|
    |select_ln58_369_fu_5086_p3  |    select|   0|  0|   8|           1|           8|
    |select_ln58_36_fu_2354_p3   |    select|   0|  0|  10|           1|          10|
    |select_ln58_370_fu_5093_p3  |    select|   0|  0|  10|           1|          10|
    |select_ln58_371_fu_5100_p3  |    select|   0|  0|  10|           1|          10|
    |select_ln58_372_fu_2078_p3  |    select|   0|  0|  10|           1|           9|
    |select_ln58_373_fu_2086_p3  |    select|   0|  0|   8|           1|           8|
    |select_ln58_374_fu_2094_p3  |    select|   0|  0|  10|           1|          10|
    |select_ln58_375_fu_2106_p3  |    select|   0|  0|  10|           1|           8|
    |select_ln58_376_fu_2114_p3  |    select|   0|  0|   9|           1|           9|
    |select_ln58_377_fu_2122_p3  |    select|   0|  0|  10|           1|          10|
    |select_ln58_378_fu_2140_p3  |    select|   0|  0|   8|           1|           2|
    |select_ln58_379_fu_2148_p3  |    select|   0|  0|   7|           1|           7|
    |select_ln58_37_fu_2361_p3   |    select|   0|  0|  10|           1|          10|
    |select_ln58_380_fu_2156_p3  |    select|   0|  0|   8|           1|           8|
    |select_ln58_381_fu_2168_p3  |    select|   0|  0|   9|           1|           9|
    |select_ln58_382_fu_2176_p3  |    select|   0|  0|   6|           1|           6|
    |select_ln58_383_fu_2184_p3  |    select|   0|  0|   9|           1|           9|
    |select_ln58_38_fu_2368_p3   |    select|   0|  0|  10|           1|          10|
    |select_ln58_39_fu_2379_p3   |    select|   0|  0|   8|           1|           8|
    |select_ln58_3_fu_2237_p3    |    select|   0|  0|   8|           1|           8|
    |select_ln58_40_fu_2386_p3   |    select|   0|  0|   6|           1|           6|
    |select_ln58_41_fu_2393_p3   |    select|   0|  0|   9|           1|           9|
    |select_ln58_42_fu_1080_p3   |    select|   0|  0|  10|           1|          10|
    |select_ln58_43_fu_1088_p3   |    select|   0|  0|   8|           1|           8|
    |select_ln58_44_fu_1096_p3   |    select|   0|  0|  10|           1|          10|
    |select_ln58_45_fu_2404_p3   |    select|   0|  0|   9|           1|           9|
    |select_ln58_46_fu_2411_p3   |    select|   0|  0|  10|           1|          10|
    |select_ln58_47_fu_2418_p3   |    select|   0|  0|  10|           1|          10|
    |select_ln58_48_fu_2429_p3   |    select|   0|  0|  10|           1|          10|
    |select_ln58_49_fu_2436_p3   |    select|   0|  0|   8|           1|           8|
    |select_ln58_4_fu_2244_p3    |    select|   0|  0|   8|           1|           4|
    |select_ln58_50_fu_2443_p3   |    select|   0|  0|  10|           1|          10|
    |select_ln58_51_fu_2464_p3   |    select|   0|  0|   8|           1|           4|
    |select_ln58_52_fu_2471_p3   |    select|   0|  0|   9|           1|           9|
    |select_ln58_53_fu_2478_p3   |    select|   0|  0|   9|           1|           9|
    |select_ln58_54_fu_2485_p3   |    select|   0|  0|   3|           1|           3|
    |select_ln58_55_fu_2492_p3   |    select|   0|  0|   3|           1|           3|
    |select_ln58_56_fu_2499_p3   |    select|   0|  0|   4|           1|           4|
    |select_ln58_57_fu_2530_p3   |    select|   0|  0|  10|           1|          10|
    |select_ln58_58_fu_2537_p3   |    select|   0|  0|   9|           1|           9|
    |select_ln58_59_fu_2544_p3   |    select|   0|  0|  10|           1|          10|
    |select_ln58_5_fu_2251_p3    |    select|   0|  0|   9|           1|           9|
    |select_ln58_60_fu_2555_p3   |    select|   0|  0|   8|           1|           8|
    |select_ln58_61_fu_2562_p3   |    select|   0|  0|  10|           1|          10|
    |select_ln58_62_fu_2569_p3   |    select|   0|  0|  10|           1|          10|
    |select_ln58_63_fu_1104_p3   |    select|   0|  0|   8|           1|           8|
    |select_ln58_64_fu_1112_p3   |    select|   0|  0|   9|           1|           9|
    |select_ln58_65_fu_1120_p3   |    select|   0|  0|   9|           1|           9|
    |select_ln58_66_fu_1132_p3   |    select|   0|  0|  11|           1|          11|
    |select_ln58_67_fu_1140_p3   |    select|   0|  0|  10|           1|          10|
    |select_ln58_68_fu_1148_p3   |    select|   0|  0|  11|           1|          11|
    |select_ln58_69_fu_2605_p3   |    select|   0|  0|   9|           1|           8|
    |select_ln58_6_fu_924_p3     |    select|   0|  0|   7|           1|           6|
    |select_ln58_70_fu_2612_p3   |    select|   0|  0|  10|           1|          10|
    |select_ln58_71_fu_2619_p3   |    select|   0|  0|  10|           1|          10|
    |select_ln58_72_fu_1162_p3   |    select|   0|  0|   8|           1|           6|
    |select_ln58_73_fu_1170_p3   |    select|   0|  0|   6|           1|           6|
    |select_ln58_74_fu_1178_p3   |    select|   0|  0|   7|           1|           7|
    |select_ln58_75_fu_1190_p3   |    select|   0|  0|   9|           1|           9|
    |select_ln58_76_fu_1198_p3   |    select|   0|  0|   8|           1|           8|
    |select_ln58_77_fu_1206_p3   |    select|   0|  0|   9|           1|           9|
    |select_ln58_78_fu_2649_p3   |    select|   0|  0|   9|           1|           9|
    |select_ln58_79_fu_2656_p3   |    select|   0|  0|   8|           1|           8|
    |select_ln58_7_fu_932_p3     |    select|   0|  0|   7|           1|           7|
    |select_ln58_80_fu_2663_p3   |    select|   0|  0|   9|           1|           9|
    |select_ln58_81_fu_2674_p3   |    select|   0|  0|  11|           1|          11|
    |select_ln58_82_fu_2681_p3   |    select|   0|  0|  10|           1|          10|
    |select_ln58_83_fu_2688_p3   |    select|   0|  0|  11|           1|          11|
    |select_ln58_84_fu_1224_p3   |    select|   0|  0|   8|           1|           8|
    |select_ln58_85_fu_1232_p3   |    select|   0|  0|  10|           1|          10|
    |select_ln58_86_fu_1240_p3   |    select|   0|  0|  10|           1|          10|
    |select_ln58_87_fu_1252_p3   |    select|   0|  0|   8|           1|           7|
    |select_ln58_88_fu_1260_p3   |    select|   0|  0|   8|           1|           8|
    |select_ln58_89_fu_1268_p3   |    select|   0|  0|   9|           1|           9|
    |select_ln58_8_fu_940_p3     |    select|   0|  0|   7|           1|           7|
    |select_ln58_90_fu_1286_p3   |    select|   0|  0|   8|           1|           7|
    |select_ln58_91_fu_1294_p3   |    select|   0|  0|   8|           1|           8|
    |select_ln58_92_fu_1302_p3   |    select|   0|  0|   9|           1|           9|
    |select_ln58_93_fu_2723_p3   |    select|   0|  0|  11|           1|          11|
    |select_ln58_94_fu_2730_p3   |    select|   0|  0|  10|           1|          10|
    |select_ln58_95_fu_2737_p3   |    select|   0|  0|  11|           1|          11|
    |select_ln58_96_fu_2744_p3   |    select|   0|  0|   6|           1|           6|
    |select_ln58_97_fu_2751_p3   |    select|   0|  0|   7|           1|           7|
    |select_ln58_98_fu_2758_p3   |    select|   0|  0|   7|           1|           7|
    |select_ln58_99_fu_1320_p3   |    select|   0|  0|  10|           1|           7|
    |select_ln58_9_fu_952_p3     |    select|   0|  0|   9|           1|           9|
    |select_ln58_fu_2212_p3      |    select|   0|  0|   9|           1|           9|
    +----------------------------+----------+----+---+----+------------+------------+
    |Total                       |          |   0|  0|5173|        1631|        4587|
    +----------------------------+----------+----+---+----+------------+------------+

    * Multiplexer: 
    +-----------+----+-----------+-----+-----------+
    |    Name   | LUT| Input Size| Bits| Total Bits|
    +-----------+----+-----------+-----+-----------+
    |ap_NS_fsm  |  13|          3|    1|          3|
    +-----------+----+-----------+-----+-----------+
    |Total      |  13|          3|    1|          3|
    +-----------+----+-----------+-----+-----------+

    * Register: 
    +-----------------------+----+----+-----+-----------+
    |          Name         | FF | LUT| Bits| Const Bits|
    +-----------------------+----+----+-----+-----------+
    |a_10_reg_5441          |   1|   0|    1|          0|
    |a_11_reg_5466          |   1|   0|    1|          0|
    |a_12_reg_5482          |   1|   0|    1|          0|
    |a_13_reg_5506          |   1|   0|    1|          0|
    |a_14_reg_5520          |   1|   0|    1|          0|
    |a_15_reg_5544          |   1|   0|    1|          0|
    |a_1_reg_5249           |   1|   0|    1|          0|
    |a_2_reg_5271           |   1|   0|    1|          0|
    |a_3_reg_5291           |   1|   0|    1|          0|
    |a_4_reg_5306           |   1|   0|    1|          0|
    |a_5_reg_5336           |   1|   0|    1|          0|
    |a_6_reg_5353           |   1|   0|    1|          0|
    |a_7_reg_5382           |   1|   0|    1|          0|
    |a_8_reg_5400           |   1|   0|    1|          0|
    |a_9_reg_5424           |   1|   0|    1|          0|
    |a_reg_5236             |   1|   0|    1|          0|
    |add_ln58_110_reg_5643  |  11|   0|   11|          0|
    |add_ln58_11_reg_5568   |  11|   0|   11|          0|
    |add_ln58_14_reg_5573   |  10|   0|   10|          0|
    |add_ln58_17_reg_5578   |  11|   0|   11|          0|
    |add_ln58_21_reg_5583   |  10|   0|   10|          0|
    |add_ln58_37_reg_5588   |  11|   0|   11|          0|
    |add_ln58_49_reg_5593   |  10|   0|   10|          0|
    |add_ln58_4_reg_5558    |  11|   0|   11|          0|
    |add_ln58_53_reg_5598   |   9|   0|    9|          0|
    |add_ln58_56_reg_5603   |  10|   0|   10|          0|
    |add_ln58_68_reg_5608   |  12|   0|   12|          0|
    |add_ln58_77_reg_5613   |  10|   0|   10|          0|
    |add_ln58_80_reg_5618   |  10|   0|   10|          0|
    |add_ln58_85_reg_5623   |  10|   0|   10|          0|
    |add_ln58_88_reg_5628   |  11|   0|   11|          0|
    |add_ln58_8_reg_5563    |  10|   0|   10|          0|
    |add_ln58_94_reg_5633   |  10|   0|   10|          0|
    |add_ln58_98_reg_5638   |  10|   0|   10|          0|
    |ap_CS_fsm              |   2|   0|    2|          0|
    +-----------------------+----+----+-----+-----------+
    |Total                  | 205|   0|  205|          0|
    +-----------------------+----+----+-----+-----------+



================================================================
== Interface
================================================================
* Summary: 
+--------------+-----+-----+------------+--------------------------------------------------------------+--------------+
|   RTL Ports  | Dir | Bits|  Protocol  |                         Source Object                        |    C Type    |
+--------------+-----+-----+------------+--------------------------------------------------------------+--------------+
|ap_clk        |   in|    1|  ap_ctrl_hs|  dense_latency<ap_uint<1>, ap_fixed<16, 6, 5, 3, 0>, config2>|  return value|
|ap_rst        |   in|    1|  ap_ctrl_hs|  dense_latency<ap_uint<1>, ap_fixed<16, 6, 5, 3, 0>, config2>|  return value|
|ap_start      |   in|    1|  ap_ctrl_hs|  dense_latency<ap_uint<1>, ap_fixed<16, 6, 5, 3, 0>, config2>|  return value|
|ap_done       |  out|    1|  ap_ctrl_hs|  dense_latency<ap_uint<1>, ap_fixed<16, 6, 5, 3, 0>, config2>|  return value|
|ap_idle       |  out|    1|  ap_ctrl_hs|  dense_latency<ap_uint<1>, ap_fixed<16, 6, 5, 3, 0>, config2>|  return value|
|ap_ready      |  out|    1|  ap_ctrl_hs|  dense_latency<ap_uint<1>, ap_fixed<16, 6, 5, 3, 0>, config2>|  return value|
|ap_return_0   |  out|   16|  ap_ctrl_hs|  dense_latency<ap_uint<1>, ap_fixed<16, 6, 5, 3, 0>, config2>|  return value|
|ap_return_1   |  out|   16|  ap_ctrl_hs|  dense_latency<ap_uint<1>, ap_fixed<16, 6, 5, 3, 0>, config2>|  return value|
|ap_return_2   |  out|   16|  ap_ctrl_hs|  dense_latency<ap_uint<1>, ap_fixed<16, 6, 5, 3, 0>, config2>|  return value|
|ap_return_3   |  out|   16|  ap_ctrl_hs|  dense_latency<ap_uint<1>, ap_fixed<16, 6, 5, 3, 0>, config2>|  return value|
|ap_return_4   |  out|   16|  ap_ctrl_hs|  dense_latency<ap_uint<1>, ap_fixed<16, 6, 5, 3, 0>, config2>|  return value|
|ap_return_5   |  out|   16|  ap_ctrl_hs|  dense_latency<ap_uint<1>, ap_fixed<16, 6, 5, 3, 0>, config2>|  return value|
|ap_return_6   |  out|   16|  ap_ctrl_hs|  dense_latency<ap_uint<1>, ap_fixed<16, 6, 5, 3, 0>, config2>|  return value|
|ap_return_7   |  out|   16|  ap_ctrl_hs|  dense_latency<ap_uint<1>, ap_fixed<16, 6, 5, 3, 0>, config2>|  return value|
|ap_return_8   |  out|   16|  ap_ctrl_hs|  dense_latency<ap_uint<1>, ap_fixed<16, 6, 5, 3, 0>, config2>|  return value|
|ap_return_9   |  out|   16|  ap_ctrl_hs|  dense_latency<ap_uint<1>, ap_fixed<16, 6, 5, 3, 0>, config2>|  return value|
|ap_return_10  |  out|   16|  ap_ctrl_hs|  dense_latency<ap_uint<1>, ap_fixed<16, 6, 5, 3, 0>, config2>|  return value|
|ap_return_11  |  out|   16|  ap_ctrl_hs|  dense_latency<ap_uint<1>, ap_fixed<16, 6, 5, 3, 0>, config2>|  return value|
|ap_return_12  |  out|   16|  ap_ctrl_hs|  dense_latency<ap_uint<1>, ap_fixed<16, 6, 5, 3, 0>, config2>|  return value|
|ap_return_13  |  out|   16|  ap_ctrl_hs|  dense_latency<ap_uint<1>, ap_fixed<16, 6, 5, 3, 0>, config2>|  return value|
|ap_return_14  |  out|   16|  ap_ctrl_hs|  dense_latency<ap_uint<1>, ap_fixed<16, 6, 5, 3, 0>, config2>|  return value|
|ap_return_15  |  out|   16|  ap_ctrl_hs|  dense_latency<ap_uint<1>, ap_fixed<16, 6, 5, 3, 0>, config2>|  return value|
|ap_ce         |   in|    1|  ap_ctrl_hs|  dense_latency<ap_uint<1>, ap_fixed<16, 6, 5, 3, 0>, config2>|  return value|
|data_val      |   in|   16|     ap_none|                                                      data_val|        scalar|
+--------------+-----+-----+------------+--------------------------------------------------------------+--------------+

